{"total": {"lines":{"total":112146,"covered":10655,"skipped":0,"pct":9.5},"statements":{"total":112146,"covered":10655,"skipped":0,"pct":9.5},"functions":{"total":1753,"covered":543,"skipped":0,"pct":30.97},"branches":{"total":2143,"covered":1018,"skipped":0,"pct":47.5},"branchesTrue":{"total":0,"covered":0,"skipped":0,"pct":100}}
,"C:\\Users\\Admin\\bilal-project-oyeui-ag-local\\projectoyeui\\src\\components\\EmptyProjectState.tsx": {"lines":{"total":35,"covered":0,"skipped":0,"pct":0},"functions":{"total":1,"covered":0,"skipped":0,"pct":0},"statements":{"total":35,"covered":0,"skipped":0,"pct":0},"branches":{"total":1,"covered":0,"skipped":0,"pct":0}}
,"C:\\Users\\Admin\\bilal-project-oyeui-ag-local\\projectoyeui\\src\\components\\NavLink.tsx": {"lines":{"total":12,"covered":0,"skipped":0,"pct":0},"functions":{"total":1,"covered":0,"skipped":0,"pct":0},"statements":{"total":12,"covered":0,"skipped":0,"pct":0},"branches":{"total":1,"covered":0,"skipped":0,"pct":0}}
,"C:\\Users\\Admin\\bilal-project-oyeui-ag-local\\projectoyeui\\src\\components\\ThemeProvider.tsx": {"lines":{"total":4,"covered":0,"skipped":0,"pct":0},"functions":{"total":1,"covered":0,"skipped":0,"pct":0},"statements":{"total":4,"covered":0,"skipped":0,"pct":0},"branches":{"total":1,"covered":0,"skipped":0,"pct":0}}
,"C:\\Users\\Admin\\bilal-project-oyeui-ag-local\\projectoyeui\\src\\components\\ThemeToggle.tsx": {"lines":{"total":16,"covered":0,"skipped":0,"pct":0},"functions":{"total":1,"covered":0,"skipped":0,"pct":0},"statements":{"total":16,"covered":0,"skipped":0,"pct":0},"branches":{"total":1,"covered":0,"skipped":0,"pct":0}}
,"C:\\Users\\Admin\\bilal-project-oyeui-ag-local\\projectoyeui\\src\\components\\admin\\AIProviderAdminPage.tsx": {"lines":{"total":405,"covered":0,"skipped":0,"pct":0},"functions":{"total":1,"covered":0,"skipped":0,"pct":0},"statements":{"total":405,"covered":0,"skipped":0,"pct":0},"branches":{"total":1,"covered":0,"skipped":0,"pct":0}}
,"C:\\Users\\Admin\\bilal-project-oyeui-ag-local\\projectoyeui\\src\\components\\admin\\AIProviderSettings.tsx": {"lines":{"total":303,"covered":0,"skipped":0,"pct":0},"functions":{"total":1,"covered":0,"skipped":0,"pct":0},"statements":{"total":303,"covered":0,"skipped":0,"pct":0},"branches":{"total":1,"covered":0,"skipped":0,"pct":0}}
,"C:\\Users\\Admin\\bilal-project-oyeui-ag-local\\projectoyeui\\src\\components\\admin\\AdminPanel.tsx": {"lines":{"total":40,"covered":0,"skipped":0,"pct":0},"functions":{"total":1,"covered":0,"skipped":0,"pct":0},"statements":{"total":40,"covered":0,"skipped":0,"pct":0},"branches":{"total":1,"covered":0,"skipped":0,"pct":0}}
,"C:\\Users\\Admin\\bilal-project-oyeui-ag-local\\projectoyeui\\src\\components\\admin\\AdminSidebar.tsx": {"lines":{"total":92,"covered":0,"skipped":0,"pct":0},"functions":{"total":1,"covered":0,"skipped":0,"pct":0},"statements":{"total":92,"covered":0,"skipped":0,"pct":0},"branches":{"total":1,"covered":0,"skipped":0,"pct":0}}
,"C:\\Users\\Admin\\bilal-project-oyeui-ag-local\\projectoyeui\\src\\components\\admin\\CostOptimizationPanel.tsx": {"lines":{"total":125,"covered":0,"skipped":0,"pct":0},"functions":{"total":1,"covered":0,"skipped":0,"pct":0},"statements":{"total":125,"covered":0,"skipped":0,"pct":0},"branches":{"total":1,"covered":0,"skipped":0,"pct":0}}
,"C:\\Users\\Admin\\bilal-project-oyeui-ag-local\\projectoyeui\\src\\components\\admin\\DatabaseMigrationPanel.tsx": {"lines":{"total":59,"covered":0,"skipped":0,"pct":0},"functions":{"total":1,"covered":0,"skipped":0,"pct":0},"statements":{"total":59,"covered":0,"skipped":0,"pct":0},"branches":{"total":1,"covered":0,"skipped":0,"pct":0}}
,"C:\\Users\\Admin\\bilal-project-oyeui-ag-local\\projectoyeui\\src\\components\\admin\\ai-agents\\AIAgentCapabilities.tsx": {"lines":{"total":118,"covered":0,"skipped":0,"pct":0},"functions":{"total":1,"covered":0,"skipped":0,"pct":0},"statements":{"total":118,"covered":0,"skipped":0,"pct":0},"branches":{"total":1,"covered":0,"skipped":0,"pct":0}}
,"C:\\Users\\Admin\\bilal-project-oyeui-ag-local\\projectoyeui\\src\\components\\admin\\ai-agents\\AIAgentDetailPage.tsx": {"lines":{"total":468,"covered":0,"skipped":0,"pct":0},"functions":{"total":1,"covered":0,"skipped":0,"pct":0},"statements":{"total":468,"covered":0,"skipped":0,"pct":0},"branches":{"total":1,"covered":0,"skipped":0,"pct":0}}
,"C:\\Users\\Admin\\bilal-project-oyeui-ag-local\\projectoyeui\\src\\components\\admin\\ai-agents\\AIAgentEditor.tsx": {"lines":{"total":244,"covered":0,"skipped":0,"pct":0},"functions":{"total":1,"covered":0,"skipped":0,"pct":0},"statements":{"total":244,"covered":0,"skipped":0,"pct":0},"branches":{"total":1,"covered":0,"skipped":0,"pct":0}}
,"C:\\Users\\Admin\\bilal-project-oyeui-ag-local\\projectoyeui\\src\\components\\admin\\ai-agents\\AIAgentTester.tsx": {"lines":{"total":250,"covered":0,"skipped":0,"pct":0},"functions":{"total":1,"covered":0,"skipped":0,"pct":0},"statements":{"total":250,"covered":0,"skipped":0,"pct":0},"branches":{"total":1,"covered":0,"skipped":0,"pct":0}}
,"C:\\Users\\Admin\\bilal-project-oyeui-ag-local\\projectoyeui\\src\\components\\admin\\ai-agents\\AgentAnalytics.tsx": {"lines":{"total":83,"covered":0,"skipped":0,"pct":0},"functions":{"total":1,"covered":0,"skipped":0,"pct":0},"statements":{"total":83,"covered":0,"skipped":0,"pct":0},"branches":{"total":1,"covered":0,"skipped":0,"pct":0}}
,"C:\\Users\\Admin\\bilal-project-oyeui-ag-local\\projectoyeui\\src\\components\\admin\\analytics\\NotificationAnalyticsDashboard.tsx": {"lines":{"total":169,"covered":0,"skipped":0,"pct":0},"functions":{"total":1,"covered":0,"skipped":0,"pct":0},"statements":{"total":169,"covered":0,"skipped":0,"pct":0},"branches":{"total":1,"covered":0,"skipped":0,"pct":0}}
,"C:\\Users\\Admin\\bilal-project-oyeui-ag-local\\projectoyeui\\src\\components\\admin\\billing\\CreateInvoiceDialog.tsx": {"lines":{"total":139,"covered":0,"skipped":0,"pct":0},"functions":{"total":1,"covered":0,"skipped":0,"pct":0},"statements":{"total":139,"covered":0,"skipped":0,"pct":0},"branches":{"total":1,"covered":0,"skipped":0,"pct":0}}
,"C:\\Users\\Admin\\bilal-project-oyeui-ag-local\\projectoyeui\\src\\components\\admin\\billing\\RefundDialog.tsx": {"lines":{"total":181,"covered":0,"skipped":0,"pct":0},"functions":{"total":1,"covered":0,"skipped":0,"pct":0},"statements":{"total":181,"covered":0,"skipped":0,"pct":0},"branches":{"total":1,"covered":0,"skipped":0,"pct":0}}
,"C:\\Users\\Admin\\bilal-project-oyeui-ag-local\\projectoyeui\\src\\components\\admin\\components\\MetricCard.tsx": {"lines":{"total":32,"covered":0,"skipped":0,"pct":0},"functions":{"total":1,"covered":0,"skipped":0,"pct":0},"statements":{"total":32,"covered":0,"skipped":0,"pct":0},"branches":{"total":1,"covered":0,"skipped":0,"pct":0}}
,"C:\\Users\\Admin\\bilal-project-oyeui-ag-local\\projectoyeui\\src\\components\\admin\\components\\UserTierCard.tsx": {"lines":{"total":46,"covered":0,"skipped":0,"pct":0},"functions":{"total":1,"covered":0,"skipped":0,"pct":0},"statements":{"total":46,"covered":0,"skipped":0,"pct":0},"branches":{"total":1,"covered":0,"skipped":0,"pct":0}}
,"C:\\Users\\Admin\\bilal-project-oyeui-ag-local\\projectoyeui\\src\\components\\admin\\pages\\AdminAIAgents.tsx": {"lines":{"total":260,"covered":0,"skipped":0,"pct":0},"functions":{"total":1,"covered":0,"skipped":0,"pct":0},"statements":{"total":260,"covered":0,"skipped":0,"pct":0},"branches":{"total":1,"covered":0,"skipped":0,"pct":0}}
,"C:\\Users\\Admin\\bilal-project-oyeui-ag-local\\projectoyeui\\src\\components\\admin\\pages\\AdminAICredits.tsx": {"lines":{"total":349,"covered":0,"skipped":0,"pct":0},"functions":{"total":1,"covered":0,"skipped":0,"pct":0},"statements":{"total":349,"covered":0,"skipped":0,"pct":0},"branches":{"total":1,"covered":0,"skipped":0,"pct":0}}
,"C:\\Users\\Admin\\bilal-project-oyeui-ag-local\\projectoyeui\\src\\components\\admin\\pages\\AdminAIUsage.tsx": {"lines":{"total":212,"covered":0,"skipped":0,"pct":0},"functions":{"total":1,"covered":0,"skipped":0,"pct":0},"statements":{"total":212,"covered":0,"skipped":0,"pct":0},"branches":{"total":1,"covered":0,"skipped":0,"pct":0}}
,"C:\\Users\\Admin\\bilal-project-oyeui-ag-local\\projectoyeui\\src\\components\\admin\\pages\\AdminAPIKeys.tsx": {"lines":{"total":147,"covered":0,"skipped":0,"pct":0},"functions":{"total":1,"covered":0,"skipped":0,"pct":0},"statements":{"total":147,"covered":0,"skipped":0,"pct":0},"branches":{"total":1,"covered":0,"skipped":0,"pct":0}}
,"C:\\Users\\Admin\\bilal-project-oyeui-ag-local\\projectoyeui\\src\\components\\admin\\pages\\AdminAffiliates.tsx": {"lines":{"total":261,"covered":0,"skipped":0,"pct":0},"functions":{"total":1,"covered":0,"skipped":0,"pct":0},"statements":{"total":261,"covered":0,"skipped":0,"pct":0},"branches":{"total":1,"covered":0,"skipped":0,"pct":0}}
,"C:\\Users\\Admin\\bilal-project-oyeui-ag-local\\projectoyeui\\src\\components\\admin\\pages\\AdminAnalytics.tsx": {"lines":{"total":181,"covered":0,"skipped":0,"pct":0},"functions":{"total":1,"covered":0,"skipped":0,"pct":0},"statements":{"total":181,"covered":0,"skipped":0,"pct":0},"branches":{"total":1,"covered":0,"skipped":0,"pct":0}}
,"C:\\Users\\Admin\\bilal-project-oyeui-ag-local\\projectoyeui\\src\\components\\admin\\pages\\AdminAuditLogs.tsx": {"lines":{"total":134,"covered":0,"skipped":0,"pct":0},"functions":{"total":1,"covered":0,"skipped":0,"pct":0},"statements":{"total":134,"covered":0,"skipped":0,"pct":0},"branches":{"total":1,"covered":0,"skipped":0,"pct":0}}
,"C:\\Users\\Admin\\bilal-project-oyeui-ag-local\\projectoyeui\\src\\components\\admin\\pages\\AdminBackups.tsx": {"lines":{"total":124,"covered":0,"skipped":0,"pct":0},"functions":{"total":1,"covered":0,"skipped":0,"pct":0},"statements":{"total":124,"covered":0,"skipped":0,"pct":0},"branches":{"total":1,"covered":0,"skipped":0,"pct":0}}
,"C:\\Users\\Admin\\bilal-project-oyeui-ag-local\\projectoyeui\\src\\components\\admin\\pages\\AdminBillingDashboard.tsx": {"lines":{"total":186,"covered":0,"skipped":0,"pct":0},"functions":{"total":1,"covered":0,"skipped":0,"pct":0},"statements":{"total":186,"covered":0,"skipped":0,"pct":0},"branches":{"total":1,"covered":0,"skipped":0,"pct":0}}
,"C:\\Users\\Admin\\bilal-project-oyeui-ag-local\\projectoyeui\\src\\components\\admin\\pages\\AdminBlog.tsx": {"lines":{"total":159,"covered":0,"skipped":0,"pct":0},"functions":{"total":1,"covered":0,"skipped":0,"pct":0},"statements":{"total":159,"covered":0,"skipped":0,"pct":0},"branches":{"total":1,"covered":0,"skipped":0,"pct":0}}
,"C:\\Users\\Admin\\bilal-project-oyeui-ag-local\\projectoyeui\\src\\components\\admin\\pages\\AdminBlogPostEditor.tsx": {"lines":{"total":234,"covered":0,"skipped":0,"pct":0},"functions":{"total":1,"covered":0,"skipped":0,"pct":0},"statements":{"total":234,"covered":0,"skipped":0,"pct":0},"branches":{"total":1,"covered":0,"skipped":0,"pct":0}}
,"C:\\Users\\Admin\\bilal-project-oyeui-ag-local\\projectoyeui\\src\\components\\admin\\pages\\AdminContentManagement.tsx": {"lines":{"total":27,"covered":0,"skipped":0,"pct":0},"functions":{"total":1,"covered":0,"skipped":0,"pct":0},"statements":{"total":27,"covered":0,"skipped":0,"pct":0},"branches":{"total":1,"covered":0,"skipped":0,"pct":0}}
,"C:\\Users\\Admin\\bilal-project-oyeui-ag-local\\projectoyeui\\src\\components\\admin\\pages\\AdminDashboard.tsx": {"lines":{"total":176,"covered":0,"skipped":0,"pct":0},"functions":{"total":1,"covered":0,"skipped":0,"pct":0},"statements":{"total":176,"covered":0,"skipped":0,"pct":0},"branches":{"total":1,"covered":0,"skipped":0,"pct":0}}
,"C:\\Users\\Admin\\bilal-project-oyeui-ag-local\\projectoyeui\\src\\components\\admin\\pages\\AdminDiscountCodes.tsx": {"lines":{"total":304,"covered":0,"skipped":0,"pct":0},"functions":{"total":1,"covered":0,"skipped":0,"pct":0},"statements":{"total":304,"covered":0,"skipped":0,"pct":0},"branches":{"total":1,"covered":0,"skipped":0,"pct":0}}
,"C:\\Users\\Admin\\bilal-project-oyeui-ag-local\\projectoyeui\\src\\components\\admin\\pages\\AdminDocs.tsx": {"lines":{"total":278,"covered":0,"skipped":0,"pct":0},"functions":{"total":1,"covered":0,"skipped":0,"pct":0},"statements":{"total":278,"covered":0,"skipped":0,"pct":0},"branches":{"total":1,"covered":0,"skipped":0,"pct":0}}
,"C:\\Users\\Admin\\bilal-project-oyeui-ag-local\\projectoyeui\\src\\components\\admin\\pages\\AdminEmailAutomation.tsx": {"lines":{"total":229,"covered":0,"skipped":0,"pct":0},"functions":{"total":1,"covered":0,"skipped":0,"pct":0},"statements":{"total":229,"covered":0,"skipped":0,"pct":0},"branches":{"total":1,"covered":0,"skipped":0,"pct":0}}
,"C:\\Users\\Admin\\bilal-project-oyeui-ag-local\\projectoyeui\\src\\components\\admin\\pages\\AdminFAQs.tsx": {"lines":{"total":280,"covered":0,"skipped":0,"pct":0},"functions":{"total":1,"covered":0,"skipped":0,"pct":0},"statements":{"total":280,"covered":0,"skipped":0,"pct":0},"branches":{"total":1,"covered":0,"skipped":0,"pct":0}}
,"C:\\Users\\Admin\\bilal-project-oyeui-ag-local\\projectoyeui\\src\\components\\admin\\pages\\AdminHealthCheck.tsx": {"lines":{"total":210,"covered":0,"skipped":0,"pct":0},"functions":{"total":1,"covered":0,"skipped":0,"pct":0},"statements":{"total":210,"covered":0,"skipped":0,"pct":0},"branches":{"total":1,"covered":0,"skipped":0,"pct":0}}
,"C:\\Users\\Admin\\bilal-project-oyeui-ag-local\\projectoyeui\\src\\components\\admin\\pages\\AdminLicenseKeys.tsx": {"lines":{"total":295,"covered":0,"skipped":0,"pct":0},"functions":{"total":1,"covered":0,"skipped":0,"pct":0},"statements":{"total":295,"covered":0,"skipped":0,"pct":0},"branches":{"total":1,"covered":0,"skipped":0,"pct":0}}
,"C:\\Users\\Admin\\bilal-project-oyeui-ag-local\\projectoyeui\\src\\components\\admin\\pages\\AdminManagement.tsx": {"lines":{"total":233,"covered":0,"skipped":0,"pct":0},"functions":{"total":1,"covered":0,"skipped":0,"pct":0},"statements":{"total":233,"covered":0,"skipped":0,"pct":0},"branches":{"total":1,"covered":0,"skipped":0,"pct":0}}
,"C:\\Users\\Admin\\bilal-project-oyeui-ag-local\\projectoyeui\\src\\components\\admin\\pages\\AdminMarketing.tsx": {"lines":{"total":166,"covered":0,"skipped":0,"pct":0},"functions":{"total":1,"covered":0,"skipped":0,"pct":0},"statements":{"total":166,"covered":0,"skipped":0,"pct":0},"branches":{"total":1,"covered":0,"skipped":0,"pct":0}}
,"C:\\Users\\Admin\\bilal-project-oyeui-ag-local\\projectoyeui\\src\\components\\admin\\pages\\AdminMedia.tsx": {"lines":{"total":206,"covered":0,"skipped":0,"pct":0},"functions":{"total":1,"covered":0,"skipped":0,"pct":0},"statements":{"total":206,"covered":0,"skipped":0,"pct":0},"branches":{"total":1,"covered":0,"skipped":0,"pct":0}}
,"C:\\Users\\Admin\\bilal-project-oyeui-ag-local\\projectoyeui\\src\\components\\admin\\pages\\AdminOrganizations.tsx": {"lines":{"total":123,"covered":0,"skipped":0,"pct":0},"functions":{"total":1,"covered":0,"skipped":0,"pct":0},"statements":{"total":123,"covered":0,"skipped":0,"pct":0},"branches":{"total":1,"covered":0,"skipped":0,"pct":0}}
,"C:\\Users\\Admin\\bilal-project-oyeui-ag-local\\projectoyeui\\src\\components\\admin\\pages\\AdminPlansPage.tsx": {"lines":{"total":90,"covered":0,"skipped":0,"pct":0},"functions":{"total":1,"covered":0,"skipped":0,"pct":0},"statements":{"total":90,"covered":0,"skipped":0,"pct":0},"branches":{"total":1,"covered":0,"skipped":0,"pct":0}}
,"C:\\Users\\Admin\\bilal-project-oyeui-ag-local\\projectoyeui\\src\\components\\admin\\pages\\AdminProUsers.tsx": {"lines":{"total":133,"covered":0,"skipped":0,"pct":0},"functions":{"total":1,"covered":0,"skipped":0,"pct":0},"statements":{"total":133,"covered":0,"skipped":0,"pct":0},"branches":{"total":1,"covered":0,"skipped":0,"pct":0}}
,"C:\\Users\\Admin\\bilal-project-oyeui-ag-local\\projectoyeui\\src\\components\\admin\\pages\\AdminReferrals.tsx": {"lines":{"total":210,"covered":0,"skipped":0,"pct":0},"functions":{"total":1,"covered":0,"skipped":0,"pct":0},"statements":{"total":210,"covered":0,"skipped":0,"pct":0},"branches":{"total":1,"covered":0,"skipped":0,"pct":0}}
,"C:\\Users\\Admin\\bilal-project-oyeui-ag-local\\projectoyeui\\src\\components\\admin\\pages\\AdminRequests.tsx": {"lines":{"total":233,"covered":0,"skipped":0,"pct":0},"functions":{"total":1,"covered":0,"skipped":0,"pct":0},"statements":{"total":233,"covered":0,"skipped":0,"pct":0},"branches":{"total":1,"covered":0,"skipped":0,"pct":0}}
,"C:\\Users\\Admin\\bilal-project-oyeui-ag-local\\projectoyeui\\src\\components\\admin\\pages\\AdminRolesPage.tsx": {"lines":{"total":245,"covered":0,"skipped":0,"pct":0},"functions":{"total":1,"covered":0,"skipped":0,"pct":0},"statements":{"total":245,"covered":0,"skipped":0,"pct":0},"branches":{"total":1,"covered":0,"skipped":0,"pct":0}}
,"C:\\Users\\Admin\\bilal-project-oyeui-ag-local\\projectoyeui\\src\\components\\admin\\pages\\AdminSecurity.tsx": {"lines":{"total":74,"covered":0,"skipped":0,"pct":0},"functions":{"total":1,"covered":0,"skipped":0,"pct":0},"statements":{"total":74,"covered":0,"skipped":0,"pct":0},"branches":{"total":1,"covered":0,"skipped":0,"pct":0}}
,"C:\\Users\\Admin\\bilal-project-oyeui-ag-local\\projectoyeui\\src\\components\\admin\\pages\\AdminSecuritySettings.tsx": {"lines":{"total":235,"covered":0,"skipped":0,"pct":0},"functions":{"total":1,"covered":0,"skipped":0,"pct":0},"statements":{"total":235,"covered":0,"skipped":0,"pct":0},"branches":{"total":1,"covered":0,"skipped":0,"pct":0}}
,"C:\\Users\\Admin\\bilal-project-oyeui-ag-local\\projectoyeui\\src\\components\\admin\\pages\\AdminSubscriptionsPage.tsx": {"lines":{"total":400,"covered":0,"skipped":0,"pct":0},"functions":{"total":1,"covered":0,"skipped":0,"pct":0},"statements":{"total":400,"covered":0,"skipped":0,"pct":0},"branches":{"total":1,"covered":0,"skipped":0,"pct":0}}
,"C:\\Users\\Admin\\bilal-project-oyeui-ag-local\\projectoyeui\\src\\components\\admin\\pages\\AdminUserRolesPage.tsx": {"lines":{"total":224,"covered":0,"skipped":0,"pct":0},"functions":{"total":1,"covered":0,"skipped":0,"pct":0},"statements":{"total":224,"covered":0,"skipped":0,"pct":0},"branches":{"total":1,"covered":0,"skipped":0,"pct":0}}
,"C:\\Users\\Admin\\bilal-project-oyeui-ag-local\\projectoyeui\\src\\components\\admin\\pages\\AdminUsers.tsx": {"lines":{"total":209,"covered":0,"skipped":0,"pct":0},"functions":{"total":1,"covered":0,"skipped":0,"pct":0},"statements":{"total":209,"covered":0,"skipped":0,"pct":0},"branches":{"total":1,"covered":0,"skipped":0,"pct":0}}
,"C:\\Users\\Admin\\bilal-project-oyeui-ag-local\\projectoyeui\\src\\components\\admin\\pages\\EmailCampaignBuilder.tsx": {"lines":{"total":252,"covered":0,"skipped":0,"pct":0},"functions":{"total":1,"covered":0,"skipped":0,"pct":0},"statements":{"total":252,"covered":0,"skipped":0,"pct":0},"branches":{"total":1,"covered":0,"skipped":0,"pct":0}}
,"C:\\Users\\Admin\\bilal-project-oyeui-ag-local\\projectoyeui\\src\\components\\admin\\pages\\EmailCampaignDetail.tsx": {"lines":{"total":168,"covered":0,"skipped":0,"pct":0},"functions":{"total":1,"covered":0,"skipped":0,"pct":0},"statements":{"total":168,"covered":0,"skipped":0,"pct":0},"branches":{"total":1,"covered":0,"skipped":0,"pct":0}}
,"C:\\Users\\Admin\\bilal-project-oyeui-ag-local\\projectoyeui\\src\\components\\admin\\pages\\EmailTemplateEditor.tsx": {"lines":{"total":218,"covered":0,"skipped":0,"pct":0},"functions":{"total":1,"covered":0,"skipped":0,"pct":0},"statements":{"total":218,"covered":0,"skipped":0,"pct":0},"branches":{"total":1,"covered":0,"skipped":0,"pct":0}}
,"C:\\Users\\Admin\\bilal-project-oyeui-ag-local\\projectoyeui\\src\\components\\admin\\pages\\TicketDetail.tsx": {"lines":{"total":208,"covered":0,"skipped":0,"pct":0},"functions":{"total":1,"covered":0,"skipped":0,"pct":0},"statements":{"total":208,"covered":0,"skipped":0,"pct":0},"branches":{"total":1,"covered":0,"skipped":0,"pct":0}}
,"C:\\Users\\Admin\\bilal-project-oyeui-ag-local\\projectoyeui\\src\\components\\admin\\pages\\index.tsx": {"lines":{"total":2,"covered":0,"skipped":0,"pct":0},"functions":{"total":1,"covered":0,"skipped":0,"pct":0},"statements":{"total":2,"covered":0,"skipped":0,"pct":0},"branches":{"total":1,"covered":0,"skipped":0,"pct":0}}
,"C:\\Users\\Admin\\bilal-project-oyeui-ag-local\\projectoyeui\\src\\components\\admin\\plans\\FeatureMatrix.tsx": {"lines":{"total":127,"covered":0,"skipped":0,"pct":0},"functions":{"total":1,"covered":0,"skipped":0,"pct":0},"statements":{"total":127,"covered":0,"skipped":0,"pct":0},"branches":{"total":1,"covered":0,"skipped":0,"pct":0}}
,"C:\\Users\\Admin\\bilal-project-oyeui-ag-local\\projectoyeui\\src\\components\\admin\\plans\\PlanCard.tsx": {"lines":{"total":74,"covered":0,"skipped":0,"pct":0},"functions":{"total":1,"covered":0,"skipped":0,"pct":0},"statements":{"total":74,"covered":0,"skipped":0,"pct":0},"branches":{"total":1,"covered":0,"skipped":0,"pct":0}}
,"C:\\Users\\Admin\\bilal-project-oyeui-ag-local\\projectoyeui\\src\\components\\admin\\settings\\EmailTemplateManager.tsx": {"lines":{"total":284,"covered":0,"skipped":0,"pct":0},"functions":{"total":1,"covered":0,"skipped":0,"pct":0},"statements":{"total":284,"covered":0,"skipped":0,"pct":0},"branches":{"total":1,"covered":0,"skipped":0,"pct":0}}
,"C:\\Users\\Admin\\bilal-project-oyeui-ag-local\\projectoyeui\\src\\components\\admin\\settings\\IMAPConfigurationManager.tsx": {"lines":{"total":278,"covered":0,"skipped":0,"pct":0},"functions":{"total":1,"covered":0,"skipped":0,"pct":0},"statements":{"total":278,"covered":0,"skipped":0,"pct":0},"branches":{"total":1,"covered":0,"skipped":0,"pct":0}}
,"C:\\Users\\Admin\\bilal-project-oyeui-ag-local\\projectoyeui\\src\\components\\ai\\AIFeedback.tsx": {"lines":{"total":44,"covered":0,"skipped":0,"pct":0},"functions":{"total":1,"covered":0,"skipped":0,"pct":0},"statements":{"total":44,"covered":0,"skipped":0,"pct":0},"branches":{"total":1,"covered":0,"skipped":0,"pct":0}}
,"C:\\Users\\Admin\\bilal-project-oyeui-ag-local\\projectoyeui\\src\\components\\ai\\ActionConfirmDialog.tsx": {"lines":{"total":59,"covered":0,"skipped":0,"pct":0},"functions":{"total":1,"covered":0,"skipped":0,"pct":0},"statements":{"total":59,"covered":0,"skipped":0,"pct":0},"branches":{"total":1,"covered":0,"skipped":0,"pct":0}}
,"C:\\Users\\Admin\\bilal-project-oyeui-ag-local\\projectoyeui\\src\\components\\ai\\AgentConfirmationDialog.tsx": {"lines":{"total":146,"covered":0,"skipped":0,"pct":0},"functions":{"total":1,"covered":0,"skipped":0,"pct":0},"statements":{"total":146,"covered":0,"skipped":0,"pct":0},"branches":{"total":1,"covered":0,"skipped":0,"pct":0}}
,"C:\\Users\\Admin\\bilal-project-oyeui-ag-local\\projectoyeui\\src\\components\\ai\\AgentIndicator.tsx": {"lines":{"total":94,"covered":0,"skipped":0,"pct":0},"functions":{"total":1,"covered":0,"skipped":0,"pct":0},"statements":{"total":94,"covered":0,"skipped":0,"pct":0},"branches":{"total":1,"covered":0,"skipped":0,"pct":0}}
,"C:\\Users\\Admin\\bilal-project-oyeui-ag-local\\projectoyeui\\src\\components\\ai\\ChangeImpactAnalyzerPanel.tsx": {"lines":{"total":236,"covered":0,"skipped":0,"pct":0},"functions":{"total":1,"covered":0,"skipped":0,"pct":0},"statements":{"total":236,"covered":0,"skipped":0,"pct":0},"branches":{"total":1,"covered":0,"skipped":0,"pct":0}}
,"C:\\Users\\Admin\\bilal-project-oyeui-ag-local\\projectoyeui\\src\\components\\ai\\ChatAttachments.tsx": {"lines":{"total":247,"covered":0,"skipped":0,"pct":0},"functions":{"total":1,"covered":0,"skipped":0,"pct":0},"statements":{"total":247,"covered":0,"skipped":0,"pct":0},"branches":{"total":1,"covered":0,"skipped":0,"pct":0}}
,"C:\\Users\\Admin\\bilal-project-oyeui-ag-local\\projectoyeui\\src\\components\\ai\\ChatMessage.tsx": {"lines":{"total":112,"covered":0,"skipped":0,"pct":0},"functions":{"total":1,"covered":0,"skipped":0,"pct":0},"statements":{"total":112,"covered":0,"skipped":0,"pct":0},"branches":{"total":1,"covered":0,"skipped":0,"pct":0}}
,"C:\\Users\\Admin\\bilal-project-oyeui-ag-local\\projectoyeui\\src\\components\\ai\\ClarifyingQuestion.tsx": {"lines":{"total":75,"covered":0,"skipped":0,"pct":0},"functions":{"total":1,"covered":0,"skipped":0,"pct":0},"statements":{"total":75,"covered":0,"skipped":0,"pct":0},"branches":{"total":1,"covered":0,"skipped":0,"pct":0}}
,"C:\\Users\\Admin\\bilal-project-oyeui-ag-local\\projectoyeui\\src\\components\\ai\\CommunicationAISidebar.tsx": {"lines":{"total":195,"covered":0,"skipped":0,"pct":0},"functions":{"total":1,"covered":0,"skipped":0,"pct":0},"statements":{"total":195,"covered":0,"skipped":0,"pct":0},"branches":{"total":1,"covered":0,"skipped":0,"pct":0}}
,"C:\\Users\\Admin\\bilal-project-oyeui-ag-local\\projectoyeui\\src\\components\\ai\\ContextSelector.tsx": {"lines":{"total":255,"covered":0,"skipped":0,"pct":0},"functions":{"total":1,"covered":0,"skipped":0,"pct":0},"statements":{"total":255,"covered":0,"skipped":0,"pct":0},"branches":{"total":1,"covered":0,"skipped":0,"pct":0}}
,"C:\\Users\\Admin\\bilal-project-oyeui-ag-local\\projectoyeui\\src\\components\\ai\\GlobalAISidebar.tsx": {"lines":{"total":413,"covered":0,"skipped":0,"pct":0},"functions":{"total":1,"covered":0,"skipped":0,"pct":0},"statements":{"total":413,"covered":0,"skipped":0,"pct":0},"branches":{"total":1,"covered":0,"skipped":0,"pct":0}}
,"C:\\Users\\Admin\\bilal-project-oyeui-ag-local\\projectoyeui\\src\\components\\ai\\IntentModeToggle.tsx": {"lines":{"total":47,"covered":0,"skipped":0,"pct":0},"functions":{"total":1,"covered":0,"skipped":0,"pct":0},"statements":{"total":47,"covered":0,"skipped":0,"pct":0},"branches":{"total":1,"covered":0,"skipped":0,"pct":0}}
,"C:\\Users\\Admin\\bilal-project-oyeui-ag-local\\projectoyeui\\src\\components\\ai\\MeetingAISidebar.tsx": {"lines":{"total":201,"covered":0,"skipped":0,"pct":0},"functions":{"total":1,"covered":0,"skipped":0,"pct":0},"statements":{"total":201,"covered":0,"skipped":0,"pct":0},"branches":{"total":1,"covered":0,"skipped":0,"pct":0}}
,"C:\\Users\\Admin\\bilal-project-oyeui-ag-local\\projectoyeui\\src\\components\\ai\\PMCoachSidebar.tsx": {"lines":{"total":323,"covered":0,"skipped":0,"pct":0},"functions":{"total":1,"covered":0,"skipped":0,"pct":0},"statements":{"total":323,"covered":0,"skipped":0,"pct":0},"branches":{"total":1,"covered":0,"skipped":0,"pct":0}}
,"C:\\Users\\Admin\\bilal-project-oyeui-ag-local\\projectoyeui\\src\\components\\ai\\PageContextPanel.tsx": {"lines":{"total":307,"covered":0,"skipped":0,"pct":0},"functions":{"total":1,"covered":0,"skipped":0,"pct":0},"statements":{"total":307,"covered":0,"skipped":0,"pct":0},"branches":{"total":1,"covered":0,"skipped":0,"pct":0}}
,"C:\\Users\\Admin\\bilal-project-oyeui-ag-local\\projectoyeui\\src\\components\\ai\\StrategicAISidebar.tsx": {"lines":{"total":194,"covered":0,"skipped":0,"pct":0},"functions":{"total":1,"covered":0,"skipped":0,"pct":0},"statements":{"total":194,"covered":0,"skipped":0,"pct":0},"branches":{"total":1,"covered":0,"skipped":0,"pct":0}}
,"C:\\Users\\Admin\\bilal-project-oyeui-ag-local\\projectoyeui\\src\\components\\analytics\\AnalyticsBreadcrumb.tsx": {"lines":{"total":33,"covered":0,"skipped":0,"pct":0},"functions":{"total":1,"covered":0,"skipped":0,"pct":0},"statements":{"total":33,"covered":0,"skipped":0,"pct":0},"branches":{"total":1,"covered":0,"skipped":0,"pct":0}}
,"C:\\Users\\Admin\\bilal-project-oyeui-ag-local\\projectoyeui\\src\\components\\analytics\\AttendanceReportView.tsx": {"lines":{"total":223,"covered":0,"skipped":0,"pct":0},"functions":{"total":1,"covered":0,"skipped":0,"pct":0},"statements":{"total":223,"covered":0,"skipped":0,"pct":0},"branches":{"total":1,"covered":0,"skipped":0,"pct":0}}
,"C:\\Users\\Admin\\bilal-project-oyeui-ag-local\\projectoyeui\\src\\components\\analytics\\BudgetVarianceDetail.tsx": {"lines":{"total":309,"covered":0,"skipped":0,"pct":0},"functions":{"total":1,"covered":0,"skipped":0,"pct":0},"statements":{"total":309,"covered":0,"skipped":0,"pct":0},"branches":{"total":1,"covered":0,"skipped":0,"pct":0}}
,"C:\\Users\\Admin\\bilal-project-oyeui-ag-local\\projectoyeui\\src\\components\\analytics\\CollaborationMetricsView.tsx": {"lines":{"total":105,"covered":0,"skipped":0,"pct":0},"functions":{"total":1,"covered":0,"skipped":0,"pct":0},"statements":{"total":105,"covered":0,"skipped":0,"pct":0},"branches":{"total":1,"covered":0,"skipped":0,"pct":0}}
,"C:\\Users\\Admin\\bilal-project-oyeui-ag-local\\projectoyeui\\src\\components\\analytics\\DrillDownLayout.tsx": {"lines":{"total":43,"covered":0,"skipped":0,"pct":0},"functions":{"total":1,"covered":0,"skipped":0,"pct":0},"statements":{"total":43,"covered":0,"skipped":0,"pct":0},"branches":{"total":1,"covered":0,"skipped":0,"pct":0}}
,"C:\\Users\\Admin\\bilal-project-oyeui-ag-local\\projectoyeui\\src\\components\\analytics\\GovernanceArtifactPanel.tsx": {"lines":{"total":120,"covered":0,"skipped":0,"pct":0},"functions":{"total":1,"covered":0,"skipped":0,"pct":0},"statements":{"total":120,"covered":0,"skipped":0,"pct":0},"branches":{"total":1,"covered":0,"skipped":0,"pct":0}}
,"C:\\Users\\Admin\\bilal-project-oyeui-ag-local\\projectoyeui\\src\\components\\analytics\\GovernancePanel.tsx": {"lines":{"total":361,"covered":0,"skipped":0,"pct":0},"functions":{"total":1,"covered":0,"skipped":0,"pct":0},"statements":{"total":361,"covered":0,"skipped":0,"pct":0},"branches":{"total":1,"covered":0,"skipped":0,"pct":0}}
,"C:\\Users\\Admin\\bilal-project-oyeui-ag-local\\projectoyeui\\src\\components\\analytics\\MeetingAnalyticsDashboard.tsx": {"lines":{"total":183,"covered":0,"skipped":0,"pct":0},"functions":{"total":1,"covered":0,"skipped":0,"pct":0},"statements":{"total":183,"covered":0,"skipped":0,"pct":0},"branches":{"total":1,"covered":0,"skipped":0,"pct":0}}
,"C:\\Users\\Admin\\bilal-project-oyeui-ag-local\\projectoyeui\\src\\components\\analytics\\PortfolioDistributionDetail.tsx": {"lines":{"total":135,"covered":0,"skipped":0,"pct":0},"functions":{"total":1,"covered":0,"skipped":0,"pct":0},"statements":{"total":135,"covered":0,"skipped":0,"pct":0},"branches":{"total":1,"covered":0,"skipped":0,"pct":0}}
,"C:\\Users\\Admin\\bilal-project-oyeui-ag-local\\projectoyeui\\src\\components\\analytics\\ProgramInsightsDashboard.tsx": {"lines":{"total":143,"covered":0,"skipped":0,"pct":0},"functions":{"total":1,"covered":0,"skipped":0,"pct":0},"statements":{"total":143,"covered":0,"skipped":0,"pct":0},"branches":{"total":1,"covered":0,"skipped":0,"pct":0}}
,"C:\\Users\\Admin\\bilal-project-oyeui-ag-local\\projectoyeui\\src\\components\\analytics\\ProjectPerformanceDetail.tsx": {"lines":{"total":154,"covered":0,"skipped":0,"pct":0},"functions":{"total":1,"covered":0,"skipped":0,"pct":0},"statements":{"total":154,"covered":0,"skipped":0,"pct":0},"branches":{"total":1,"covered":0,"skipped":0,"pct":0}}
,"C:\\Users\\Admin\\bilal-project-oyeui-ag-local\\projectoyeui\\src\\components\\analytics\\ResourceUtilizationDetail.tsx": {"lines":{"total":125,"covered":0,"skipped":0,"pct":0},"functions":{"total":1,"covered":0,"skipped":0,"pct":0},"statements":{"total":125,"covered":0,"skipped":0,"pct":0},"branches":{"total":1,"covered":0,"skipped":0,"pct":0}}
,"C:\\Users\\Admin\\bilal-project-oyeui-ag-local\\projectoyeui\\src\\components\\analytics\\TimelineSlippageDetail.tsx": {"lines":{"total":343,"covered":0,"skipped":0,"pct":0},"functions":{"total":1,"covered":0,"skipped":0,"pct":0},"statements":{"total":343,"covered":0,"skipped":0,"pct":0},"branches":{"total":1,"covered":0,"skipped":0,"pct":0}}
,"C:\\Users\\Admin\\bilal-project-oyeui-ag-local\\projectoyeui\\src\\components\\analytics\\export\\ExportDialog.tsx": {"lines":{"total":183,"covered":0,"skipped":0,"pct":0},"functions":{"total":1,"covered":0,"skipped":0,"pct":0},"statements":{"total":183,"covered":0,"skipped":0,"pct":0},"branches":{"total":1,"covered":0,"skipped":0,"pct":0}}
,"C:\\Users\\Admin\\bilal-project-oyeui-ag-local\\projectoyeui\\src\\components\\analytics\\filters\\AdvancedFilters.tsx": {"lines":{"total":124,"covered":0,"skipped":0,"pct":0},"functions":{"total":1,"covered":0,"skipped":0,"pct":0},"statements":{"total":124,"covered":0,"skipped":0,"pct":0},"branches":{"total":1,"covered":0,"skipped":0,"pct":0}}
,"C:\\Users\\Admin\\bilal-project-oyeui-ag-local\\projectoyeui\\src\\components\\analytics\\filters\\DateRangePicker.tsx": {"lines":{"total":117,"covered":0,"skipped":0,"pct":0},"functions":{"total":1,"covered":0,"skipped":0,"pct":0},"statements":{"total":117,"covered":0,"skipped":0,"pct":0},"branches":{"total":1,"covered":0,"skipped":0,"pct":0}}
,"C:\\Users\\Admin\\bilal-project-oyeui-ag-local\\projectoyeui\\src\\components\\analytics\\filters\\FilterPresets.tsx": {"lines":{"total":112,"covered":0,"skipped":0,"pct":0},"functions":{"total":1,"covered":0,"skipped":0,"pct":0},"statements":{"total":112,"covered":0,"skipped":0,"pct":0},"branches":{"total":1,"covered":0,"skipped":0,"pct":0}}
,"C:\\Users\\Admin\\bilal-project-oyeui-ag-local\\projectoyeui\\src\\components\\analytics\\filters\\MultiSelectFilter.tsx": {"lines":{"total":119,"covered":0,"skipped":0,"pct":0},"functions":{"total":1,"covered":0,"skipped":0,"pct":0},"statements":{"total":119,"covered":0,"skipped":0,"pct":0},"branches":{"total":1,"covered":0,"skipped":0,"pct":0}}
,"C:\\Users\\Admin\\bilal-project-oyeui-ag-local\\projectoyeui\\src\\components\\analytics\\governance\\AdminOverrideDialog.tsx": {"lines":{"total":55,"covered":0,"skipped":0,"pct":0},"functions":{"total":1,"covered":0,"skipped":0,"pct":0},"statements":{"total":55,"covered":0,"skipped":0,"pct":0},"branches":{"total":1,"covered":0,"skipped":0,"pct":0}}
,"C:\\Users\\Admin\\bilal-project-oyeui-ag-local\\projectoyeui\\src\\components\\analytics\\governance\\ApprovalWorkflows.tsx": {"lines":{"total":198,"covered":0,"skipped":0,"pct":0},"functions":{"total":1,"covered":0,"skipped":0,"pct":0},"statements":{"total":198,"covered":0,"skipped":0,"pct":0},"branches":{"total":1,"covered":0,"skipped":0,"pct":0}}
,"C:\\Users\\Admin\\bilal-project-oyeui-ag-local\\projectoyeui\\src\\components\\analytics\\governance\\ComplianceChecklists.tsx": {"lines":{"total":176,"covered":0,"skipped":0,"pct":0},"functions":{"total":1,"covered":0,"skipped":0,"pct":0},"statements":{"total":176,"covered":0,"skipped":0,"pct":0},"branches":{"total":1,"covered":0,"skipped":0,"pct":0}}
,"C:\\Users\\Admin\\bilal-project-oyeui-ag-local\\projectoyeui\\src\\components\\analytics\\governance\\DelegationDialog.tsx": {"lines":{"total":104,"covered":0,"skipped":0,"pct":0},"functions":{"total":1,"covered":0,"skipped":0,"pct":0},"statements":{"total":104,"covered":0,"skipped":0,"pct":0},"branches":{"total":1,"covered":0,"skipped":0,"pct":0}}
,"C:\\Users\\Admin\\bilal-project-oyeui-ag-local\\projectoyeui\\src\\components\\analytics\\governance\\DelegationList.tsx": {"lines":{"total":107,"covered":0,"skipped":0,"pct":0},"functions":{"total":1,"covered":0,"skipped":0,"pct":0},"statements":{"total":107,"covered":0,"skipped":0,"pct":0},"branches":{"total":1,"covered":0,"skipped":0,"pct":0}}
,"C:\\Users\\Admin\\bilal-project-oyeui-ag-local\\projectoyeui\\src\\components\\analytics\\governance\\DocumentPreview.tsx": {"lines":{"total":71,"covered":0,"skipped":0,"pct":0},"functions":{"total":1,"covered":0,"skipped":0,"pct":0},"statements":{"total":71,"covered":0,"skipped":0,"pct":0},"branches":{"total":1,"covered":0,"skipped":0,"pct":0}}
,"C:\\Users\\Admin\\bilal-project-oyeui-ag-local\\projectoyeui\\src\\components\\analytics\\governance\\PolicyDocuments.tsx": {"lines":{"total":121,"covered":0,"skipped":0,"pct":0},"functions":{"total":1,"covered":0,"skipped":0,"pct":0},"statements":{"total":121,"covered":0,"skipped":0,"pct":0},"branches":{"total":1,"covered":0,"skipped":0,"pct":0}}
,"C:\\Users\\Admin\\bilal-project-oyeui-ag-local\\projectoyeui\\src\\components\\auth\\AdminRoute.tsx": {"lines":{"total":46,"covered":0,"skipped":0,"pct":0},"functions":{"total":1,"covered":0,"skipped":0,"pct":0},"statements":{"total":46,"covered":0,"skipped":0,"pct":0},"branches":{"total":1,"covered":0,"skipped":0,"pct":0}}
,"C:\\Users\\Admin\\bilal-project-oyeui-ag-local\\projectoyeui\\src\\components\\auth\\AuthDialog.tsx": {"lines":{"total":172,"covered":0,"skipped":0,"pct":0},"functions":{"total":1,"covered":0,"skipped":0,"pct":0},"statements":{"total":172,"covered":0,"skipped":0,"pct":0},"branches":{"total":1,"covered":0,"skipped":0,"pct":0}}
,"C:\\Users\\Admin\\bilal-project-oyeui-ag-local\\projectoyeui\\src\\components\\auth\\AuthLoadingScreen.tsx": {"lines":{"total":14,"covered":0,"skipped":0,"pct":0},"functions":{"total":1,"covered":0,"skipped":0,"pct":0},"statements":{"total":14,"covered":0,"skipped":0,"pct":0},"branches":{"total":1,"covered":0,"skipped":0,"pct":0}}
,"C:\\Users\\Admin\\bilal-project-oyeui-ag-local\\projectoyeui\\src\\components\\auth\\PasswordStrengthIndicator.tsx": {"lines":{"total":72,"covered":0,"skipped":0,"pct":0},"functions":{"total":1,"covered":0,"skipped":0,"pct":0},"statements":{"total":72,"covered":0,"skipped":0,"pct":0},"branches":{"total":1,"covered":0,"skipped":0,"pct":0}}
,"C:\\Users\\Admin\\bilal-project-oyeui-ag-local\\projectoyeui\\src\\components\\auth\\ProgramRoute.tsx": {"lines":{"total":59,"covered":0,"skipped":0,"pct":0},"functions":{"total":1,"covered":0,"skipped":0,"pct":0},"statements":{"total":59,"covered":0,"skipped":0,"pct":0},"branches":{"total":1,"covered":0,"skipped":0,"pct":0}}
,"C:\\Users\\Admin\\bilal-project-oyeui-ag-local\\projectoyeui\\src\\components\\auth\\ProtectedRoute.tsx": {"lines":{"total":23,"covered":0,"skipped":0,"pct":0},"functions":{"total":1,"covered":0,"skipped":0,"pct":0},"statements":{"total":23,"covered":0,"skipped":0,"pct":0},"branches":{"total":1,"covered":0,"skipped":0,"pct":0}}
,"C:\\Users\\Admin\\bilal-project-oyeui-ag-local\\projectoyeui\\src\\components\\auth\\RequirePermission.tsx": {"lines":{"total":29,"covered":0,"skipped":0,"pct":0},"functions":{"total":1,"covered":0,"skipped":0,"pct":0},"statements":{"total":29,"covered":0,"skipped":0,"pct":0},"branches":{"total":1,"covered":0,"skipped":0,"pct":0}}
,"C:\\Users\\Admin\\bilal-project-oyeui-ag-local\\projectoyeui\\src\\components\\auth\\TenantRoute.tsx": {"lines":{"total":49,"covered":0,"skipped":0,"pct":0},"functions":{"total":1,"covered":0,"skipped":0,"pct":0},"statements":{"total":49,"covered":0,"skipped":0,"pct":0},"branches":{"total":1,"covered":0,"skipped":0,"pct":0}}
,"C:\\Users\\Admin\\bilal-project-oyeui-ag-local\\projectoyeui\\src\\components\\auth\\WorkspaceRoute.tsx": {"lines":{"total":59,"covered":0,"skipped":0,"pct":0},"functions":{"total":1,"covered":0,"skipped":0,"pct":0},"statements":{"total":59,"covered":0,"skipped":0,"pct":0},"branches":{"total":1,"covered":0,"skipped":0,"pct":0}}
,"C:\\Users\\Admin\\bilal-project-oyeui-ag-local\\projectoyeui\\src\\components\\briefing\\BriefingSectionCard.tsx": {"lines":{"total":103,"covered":0,"skipped":0,"pct":0},"functions":{"total":1,"covered":0,"skipped":0,"pct":0},"statements":{"total":103,"covered":0,"skipped":0,"pct":0},"branches":{"total":1,"covered":0,"skipped":0,"pct":0}}
,"C:\\Users\\Admin\\bilal-project-oyeui-ag-local\\projectoyeui\\src\\components\\briefing\\BriefingSettingsPanel.tsx": {"lines":{"total":112,"covered":0,"skipped":0,"pct":0},"functions":{"total":1,"covered":0,"skipped":0,"pct":0},"statements":{"total":112,"covered":0,"skipped":0,"pct":0},"branches":{"total":1,"covered":0,"skipped":0,"pct":0}}
,"C:\\Users\\Admin\\bilal-project-oyeui-ag-local\\projectoyeui\\src\\components\\briefing\\FlexibleBriefingGrid.tsx": {"lines":{"total":156,"covered":0,"skipped":0,"pct":0},"functions":{"total":1,"covered":0,"skipped":0,"pct":0},"statements":{"total":156,"covered":0,"skipped":0,"pct":0},"branches":{"total":1,"covered":0,"skipped":0,"pct":0}}
,"C:\\Users\\Admin\\bilal-project-oyeui-ag-local\\projectoyeui\\src\\components\\briefing\\ResizableBriefingLayout.tsx": {"lines":{"total":75,"covered":0,"skipped":0,"pct":0},"functions":{"total":1,"covered":0,"skipped":0,"pct":0},"statements":{"total":75,"covered":0,"skipped":0,"pct":0},"branches":{"total":1,"covered":0,"skipped":0,"pct":0}}
,"C:\\Users\\Admin\\bilal-project-oyeui-ag-local\\projectoyeui\\src\\components\\briefing\\types.ts": {"lines":{"total":127,"covered":0,"skipped":0,"pct":0},"functions":{"total":1,"covered":0,"skipped":0,"pct":0},"statements":{"total":127,"covered":0,"skipped":0,"pct":0},"branches":{"total":1,"covered":0,"skipped":0,"pct":0}}
,"C:\\Users\\Admin\\bilal-project-oyeui-ag-local\\projectoyeui\\src\\components\\briefing\\hooks\\useBriefingGeneration.ts": {"lines":{"total":81,"covered":0,"skipped":0,"pct":0},"functions":{"total":1,"covered":0,"skipped":0,"pct":0},"statements":{"total":81,"covered":0,"skipped":0,"pct":0},"branches":{"total":1,"covered":0,"skipped":0,"pct":0}}
,"C:\\Users\\Admin\\bilal-project-oyeui-ag-local\\projectoyeui\\src\\components\\briefing\\hooks\\useBriefingPreferences.ts": {"lines":{"total":147,"covered":0,"skipped":0,"pct":0},"functions":{"total":1,"covered":0,"skipped":0,"pct":0},"statements":{"total":147,"covered":0,"skipped":0,"pct":0},"branches":{"total":1,"covered":0,"skipped":0,"pct":0}}
,"C:\\Users\\Admin\\bilal-project-oyeui-ag-local\\projectoyeui\\src\\components\\briefing\\sections\\AIInsightsSection.tsx": {"lines":{"total":61,"covered":0,"skipped":0,"pct":0},"functions":{"total":1,"covered":0,"skipped":0,"pct":0},"statements":{"total":61,"covered":0,"skipped":0,"pct":0},"branches":{"total":1,"covered":0,"skipped":0,"pct":0}}
,"C:\\Users\\Admin\\bilal-project-oyeui-ag-local\\projectoyeui\\src\\components\\briefing\\sections\\ActionsSection.tsx": {"lines":{"total":75,"covered":0,"skipped":0,"pct":0},"functions":{"total":1,"covered":0,"skipped":0,"pct":0},"statements":{"total":75,"covered":0,"skipped":0,"pct":0},"branches":{"total":1,"covered":0,"skipped":0,"pct":0}}
,"C:\\Users\\Admin\\bilal-project-oyeui-ag-local\\projectoyeui\\src\\components\\briefing\\sections\\BudgetAnalysisSection.tsx": {"lines":{"total":99,"covered":0,"skipped":0,"pct":0},"functions":{"total":1,"covered":0,"skipped":0,"pct":0},"statements":{"total":99,"covered":0,"skipped":0,"pct":0},"branches":{"total":1,"covered":0,"skipped":0,"pct":0}}
,"C:\\Users\\Admin\\bilal-project-oyeui-ag-local\\projectoyeui\\src\\components\\briefing\\sections\\CriticalAlertsSection.tsx": {"lines":{"total":46,"covered":0,"skipped":0,"pct":0},"functions":{"total":1,"covered":0,"skipped":0,"pct":0},"statements":{"total":46,"covered":0,"skipped":0,"pct":0},"branches":{"total":1,"covered":0,"skipped":0,"pct":0}}
,"C:\\Users\\Admin\\bilal-project-oyeui-ag-local\\projectoyeui\\src\\components\\briefing\\sections\\DecisionsSection.tsx": {"lines":{"total":60,"covered":0,"skipped":0,"pct":0},"functions":{"total":1,"covered":0,"skipped":0,"pct":0},"statements":{"total":60,"covered":0,"skipped":0,"pct":0},"branches":{"total":1,"covered":0,"skipped":0,"pct":0}}
,"C:\\Users\\Admin\\bilal-project-oyeui-ag-local\\projectoyeui\\src\\components\\briefing\\sections\\IssuesSection.tsx": {"lines":{"total":70,"covered":0,"skipped":0,"pct":0},"functions":{"total":1,"covered":0,"skipped":0,"pct":0},"statements":{"total":70,"covered":0,"skipped":0,"pct":0},"branches":{"total":1,"covered":0,"skipped":0,"pct":0}}
,"C:\\Users\\Admin\\bilal-project-oyeui-ag-local\\projectoyeui\\src\\components\\briefing\\sections\\MeetingsSection.tsx": {"lines":{"total":68,"covered":0,"skipped":0,"pct":0},"functions":{"total":1,"covered":0,"skipped":0,"pct":0},"statements":{"total":68,"covered":0,"skipped":0,"pct":0},"branches":{"total":1,"covered":0,"skipped":0,"pct":0}}
,"C:\\Users\\Admin\\bilal-project-oyeui-ag-local\\projectoyeui\\src\\components\\briefing\\sections\\ProfitLossSection.tsx": {"lines":{"total":72,"covered":0,"skipped":0,"pct":0},"functions":{"total":1,"covered":0,"skipped":0,"pct":0},"statements":{"total":72,"covered":0,"skipped":0,"pct":0},"branches":{"total":1,"covered":0,"skipped":0,"pct":0}}
,"C:\\Users\\Admin\\bilal-project-oyeui-ag-local\\projectoyeui\\src\\components\\briefing\\sections\\RiskAssessmentSection.tsx": {"lines":{"total":104,"covered":0,"skipped":0,"pct":0},"functions":{"total":1,"covered":0,"skipped":0,"pct":0},"statements":{"total":104,"covered":0,"skipped":0,"pct":0},"branches":{"total":1,"covered":0,"skipped":0,"pct":0}}
,"C:\\Users\\Admin\\bilal-project-oyeui-ag-local\\projectoyeui\\src\\components\\briefing\\sections\\ScheduleSlippageSection.tsx": {"lines":{"total":74,"covered":0,"skipped":0,"pct":0},"functions":{"total":1,"covered":0,"skipped":0,"pct":0},"statements":{"total":74,"covered":0,"skipped":0,"pct":0},"branches":{"total":1,"covered":0,"skipped":0,"pct":0}}
,"C:\\Users\\Admin\\bilal-project-oyeui-ag-local\\projectoyeui\\src\\components\\briefing\\sections\\TeamAvailabilitySection.tsx": {"lines":{"total":86,"covered":0,"skipped":0,"pct":0},"functions":{"total":1,"covered":0,"skipped":0,"pct":0},"statements":{"total":86,"covered":0,"skipped":0,"pct":0},"branches":{"total":1,"covered":0,"skipped":0,"pct":0}}
,"C:\\Users\\Admin\\bilal-project-oyeui-ag-local\\projectoyeui\\src\\components\\chat\\ChatAttachment.tsx": {"lines":{"total":118,"covered":0,"skipped":0,"pct":0},"functions":{"total":1,"covered":0,"skipped":0,"pct":0},"statements":{"total":118,"covered":0,"skipped":0,"pct":0},"branches":{"total":1,"covered":0,"skipped":0,"pct":0}}
,"C:\\Users\\Admin\\bilal-project-oyeui-ag-local\\projectoyeui\\src\\components\\chat\\ComposeArea.tsx": {"lines":{"total":110,"covered":0,"skipped":0,"pct":0},"functions":{"total":1,"covered":0,"skipped":0,"pct":0},"statements":{"total":110,"covered":0,"skipped":0,"pct":0},"branches":{"total":1,"covered":0,"skipped":0,"pct":0}}
,"C:\\Users\\Admin\\bilal-project-oyeui-ag-local\\projectoyeui\\src\\components\\chat\\EmojiPicker.tsx": {"lines":{"total":107,"covered":0,"skipped":0,"pct":0},"functions":{"total":1,"covered":0,"skipped":0,"pct":0},"statements":{"total":107,"covered":0,"skipped":0,"pct":0},"branches":{"total":1,"covered":0,"skipped":0,"pct":0}}
,"C:\\Users\\Admin\\bilal-project-oyeui-ag-local\\projectoyeui\\src\\components\\chat\\MentionInput.tsx": {"lines":{"total":152,"covered":0,"skipped":0,"pct":0},"functions":{"total":1,"covered":0,"skipped":0,"pct":0},"statements":{"total":152,"covered":0,"skipped":0,"pct":0},"branches":{"total":1,"covered":0,"skipped":0,"pct":0}}
,"C:\\Users\\Admin\\bilal-project-oyeui-ag-local\\projectoyeui\\src\\components\\chat\\MessageBubble.tsx": {"lines":{"total":191,"covered":0,"skipped":0,"pct":0},"functions":{"total":1,"covered":0,"skipped":0,"pct":0},"statements":{"total":191,"covered":0,"skipped":0,"pct":0},"branches":{"total":1,"covered":0,"skipped":0,"pct":0}}
,"C:\\Users\\Admin\\bilal-project-oyeui-ag-local\\projectoyeui\\src\\components\\chat\\MessageEditor.tsx": {"lines":{"total":109,"covered":0,"skipped":0,"pct":0},"functions":{"total":1,"covered":0,"skipped":0,"pct":0},"statements":{"total":109,"covered":0,"skipped":0,"pct":0},"branches":{"total":1,"covered":0,"skipped":0,"pct":0}}
,"C:\\Users\\Admin\\bilal-project-oyeui-ag-local\\projectoyeui\\src\\components\\chat\\MessageForward.tsx": {"lines":{"total":135,"covered":0,"skipped":0,"pct":0},"functions":{"total":1,"covered":0,"skipped":0,"pct":0},"statements":{"total":135,"covered":0,"skipped":0,"pct":0},"branches":{"total":1,"covered":0,"skipped":0,"pct":0}}
,"C:\\Users\\Admin\\bilal-project-oyeui-ag-local\\projectoyeui\\src\\components\\chat\\MessageReactions.tsx": {"lines":{"total":77,"covered":0,"skipped":0,"pct":0},"functions":{"total":1,"covered":0,"skipped":0,"pct":0},"statements":{"total":77,"covered":0,"skipped":0,"pct":0},"branches":{"total":1,"covered":0,"skipped":0,"pct":0}}
,"C:\\Users\\Admin\\bilal-project-oyeui-ag-local\\projectoyeui\\src\\components\\chat\\MessageSearch.tsx": {"lines":{"total":69,"covered":0,"skipped":0,"pct":0},"functions":{"total":1,"covered":0,"skipped":0,"pct":0},"statements":{"total":69,"covered":0,"skipped":0,"pct":0},"branches":{"total":1,"covered":0,"skipped":0,"pct":0}}
,"C:\\Users\\Admin\\bilal-project-oyeui-ag-local\\projectoyeui\\src\\components\\chat\\MessageThread.tsx": {"lines":{"total":60,"covered":0,"skipped":0,"pct":0},"functions":{"total":1,"covered":0,"skipped":0,"pct":0},"statements":{"total":60,"covered":0,"skipped":0,"pct":0},"branches":{"total":1,"covered":0,"skipped":0,"pct":0}}
,"C:\\Users\\Admin\\bilal-project-oyeui-ag-local\\projectoyeui\\src\\components\\chat\\MiniChatWindow.tsx": {"lines":{"total":136,"covered":0,"skipped":0,"pct":0},"functions":{"total":1,"covered":0,"skipped":0,"pct":0},"statements":{"total":136,"covered":0,"skipped":0,"pct":0},"branches":{"total":1,"covered":0,"skipped":0,"pct":0}}
,"C:\\Users\\Admin\\bilal-project-oyeui-ag-local\\projectoyeui\\src\\components\\chat\\PinnedMessages.tsx": {"lines":{"total":57,"covered":0,"skipped":0,"pct":0},"functions":{"total":1,"covered":0,"skipped":0,"pct":0},"statements":{"total":57,"covered":0,"skipped":0,"pct":0},"branches":{"total":1,"covered":0,"skipped":0,"pct":0}}
,"C:\\Users\\Admin\\bilal-project-oyeui-ag-local\\projectoyeui\\src\\components\\chat\\ReadReceipts.tsx": {"lines":{"total":60,"covered":0,"skipped":0,"pct":0},"functions":{"total":1,"covered":0,"skipped":0,"pct":0},"statements":{"total":60,"covered":0,"skipped":0,"pct":0},"branches":{"total":1,"covered":0,"skipped":0,"pct":0}}
,"C:\\Users\\Admin\\bilal-project-oyeui-ag-local\\projectoyeui\\src\\components\\chat\\ThreadPanel.tsx": {"lines":{"total":103,"covered":0,"skipped":0,"pct":0},"functions":{"total":1,"covered":0,"skipped":0,"pct":0},"statements":{"total":103,"covered":0,"skipped":0,"pct":0},"branches":{"total":1,"covered":0,"skipped":0,"pct":0}}
,"C:\\Users\\Admin\\bilal-project-oyeui-ag-local\\projectoyeui\\src\\components\\chat\\TypingIndicator.tsx": {"lines":{"total":37,"covered":0,"skipped":0,"pct":0},"functions":{"total":1,"covered":0,"skipped":0,"pct":0},"statements":{"total":37,"covered":0,"skipped":0,"pct":0},"branches":{"total":1,"covered":0,"skipped":0,"pct":0}}
,"C:\\Users\\Admin\\bilal-project-oyeui-ag-local\\projectoyeui\\src\\components\\chat\\ChatEngine\\types.ts": {"lines":{"total":1,"covered":1,"skipped":0,"pct":100},"functions":{"total":0,"covered":0,"skipped":0,"pct":100},"statements":{"total":1,"covered":1,"skipped":0,"pct":100},"branches":{"total":0,"covered":0,"skipped":0,"pct":100}}
,"C:\\Users\\Admin\\bilal-project-oyeui-ag-local\\projectoyeui\\src\\components\\chat\\ChatEngine\\utils.ts": {"lines":{"total":121,"covered":97,"skipped":0,"pct":80.16},"functions":{"total":9,"covered":7,"skipped":0,"pct":77.77},"statements":{"total":121,"covered":97,"skipped":0,"pct":80.16},"branches":{"total":29,"covered":27,"skipped":0,"pct":93.1}}
,"C:\\Users\\Admin\\bilal-project-oyeui-ag-local\\projectoyeui\\src\\components\\checkout\\CheckoutWithDiscount.tsx": {"lines":{"total":122,"covered":0,"skipped":0,"pct":0},"functions":{"total":1,"covered":0,"skipped":0,"pct":0},"statements":{"total":122,"covered":0,"skipped":0,"pct":0},"branches":{"total":1,"covered":0,"skipped":0,"pct":0}}
,"C:\\Users\\Admin\\bilal-project-oyeui-ag-local\\projectoyeui\\src\\components\\collaboration\\ActiveUsers.tsx": {"lines":{"total":45,"covered":0,"skipped":0,"pct":0},"functions":{"total":1,"covered":0,"skipped":0,"pct":0},"statements":{"total":45,"covered":0,"skipped":0,"pct":0},"branches":{"total":1,"covered":0,"skipped":0,"pct":0}}
,"C:\\Users\\Admin\\bilal-project-oyeui-ag-local\\projectoyeui\\src\\components\\collaboration\\CollaboratorCursors.tsx": {"lines":{"total":42,"covered":0,"skipped":0,"pct":0},"functions":{"total":1,"covered":0,"skipped":0,"pct":0},"statements":{"total":42,"covered":0,"skipped":0,"pct":0},"branches":{"total":1,"covered":0,"skipped":0,"pct":0}}
,"C:\\Users\\Admin\\bilal-project-oyeui-ag-local\\projectoyeui\\src\\components\\collaboration\\ConflictResolutionDialog.tsx": {"lines":{"total":62,"covered":0,"skipped":0,"pct":0},"functions":{"total":1,"covered":0,"skipped":0,"pct":0},"statements":{"total":62,"covered":0,"skipped":0,"pct":0},"branches":{"total":1,"covered":0,"skipped":0,"pct":0}}
,"C:\\Users\\Admin\\bilal-project-oyeui-ag-local\\projectoyeui\\src\\components\\collaboration\\OfflineIndicator.tsx": {"lines":{"total":32,"covered":0,"skipped":0,"pct":0},"functions":{"total":1,"covered":0,"skipped":0,"pct":0},"statements":{"total":32,"covered":0,"skipped":0,"pct":0},"branches":{"total":1,"covered":0,"skipped":0,"pct":0}}
,"C:\\Users\\Admin\\bilal-project-oyeui-ag-local\\projectoyeui\\src\\components\\collaboration\\PresenceIndicator.tsx": {"lines":{"total":66,"covered":0,"skipped":0,"pct":0},"functions":{"total":1,"covered":0,"skipped":0,"pct":0},"statements":{"total":66,"covered":0,"skipped":0,"pct":0},"branches":{"total":1,"covered":0,"skipped":0,"pct":0}}
,"C:\\Users\\Admin\\bilal-project-oyeui-ag-local\\projectoyeui\\src\\components\\collaboration\\ProjectChat.tsx": {"lines":{"total":259,"covered":0,"skipped":0,"pct":0},"functions":{"total":1,"covered":0,"skipped":0,"pct":0},"statements":{"total":259,"covered":0,"skipped":0,"pct":0},"branches":{"total":1,"covered":0,"skipped":0,"pct":0}}
,"C:\\Users\\Admin\\bilal-project-oyeui-ag-local\\projectoyeui\\src\\components\\collaboration\\RemoteCursor.tsx": {"lines":{"total":32,"covered":0,"skipped":0,"pct":0},"functions":{"total":1,"covered":0,"skipped":0,"pct":0},"statements":{"total":32,"covered":0,"skipped":0,"pct":0},"branches":{"total":1,"covered":0,"skipped":0,"pct":0}}
,"C:\\Users\\Admin\\bilal-project-oyeui-ag-local\\projectoyeui\\src\\components\\collaboration\\TaskLockIndicator.tsx": {"lines":{"total":39,"covered":0,"skipped":0,"pct":0},"functions":{"total":1,"covered":0,"skipped":0,"pct":0},"statements":{"total":39,"covered":0,"skipped":0,"pct":0},"branches":{"total":1,"covered":0,"skipped":0,"pct":0}}
,"C:\\Users\\Admin\\bilal-project-oyeui-ag-local\\projectoyeui\\src\\components\\common\\PDFExporter.tsx": {"lines":{"total":199,"covered":0,"skipped":0,"pct":0},"functions":{"total":1,"covered":0,"skipped":0,"pct":0},"statements":{"total":199,"covered":0,"skipped":0,"pct":0},"branches":{"total":1,"covered":0,"skipped":0,"pct":0}}
,"C:\\Users\\Admin\\bilal-project-oyeui-ag-local\\projectoyeui\\src\\components\\communications\\CommunicationsView.tsx": {"lines":{"total":376,"covered":0,"skipped":0,"pct":0},"functions":{"total":1,"covered":0,"skipped":0,"pct":0},"statements":{"total":376,"covered":0,"skipped":0,"pct":0},"branches":{"total":1,"covered":0,"skipped":0,"pct":0}}
,"C:\\Users\\Admin\\bilal-project-oyeui-ag-local\\projectoyeui\\src\\components\\communications\\EmailAccountSettings.tsx": {"lines":{"total":632,"covered":0,"skipped":0,"pct":0},"functions":{"total":1,"covered":0,"skipped":0,"pct":0},"statements":{"total":632,"covered":0,"skipped":0,"pct":0},"branches":{"total":1,"covered":0,"skipped":0,"pct":0}}
,"C:\\Users\\Admin\\bilal-project-oyeui-ag-local\\projectoyeui\\src\\components\\communications\\EmailComposeDialog.tsx": {"lines":{"total":201,"covered":0,"skipped":0,"pct":0},"functions":{"total":1,"covered":0,"skipped":0,"pct":0},"statements":{"total":201,"covered":0,"skipped":0,"pct":0},"branches":{"total":1,"covered":0,"skipped":0,"pct":0}}
,"C:\\Users\\Admin\\bilal-project-oyeui-ag-local\\projectoyeui\\src\\components\\credits\\AutoRechargeSettings.tsx": {"lines":{"total":133,"covered":0,"skipped":0,"pct":0},"functions":{"total":1,"covered":0,"skipped":0,"pct":0},"statements":{"total":133,"covered":0,"skipped":0,"pct":0},"branches":{"total":1,"covered":0,"skipped":0,"pct":0}}
,"C:\\Users\\Admin\\bilal-project-oyeui-ag-local\\projectoyeui\\src\\components\\credits\\CreditBalanceWidget.tsx": {"lines":{"total":85,"covered":0,"skipped":0,"pct":0},"functions":{"total":1,"covered":0,"skipped":0,"pct":0},"statements":{"total":85,"covered":0,"skipped":0,"pct":0},"branches":{"total":1,"covered":0,"skipped":0,"pct":0}}
,"C:\\Users\\Admin\\bilal-project-oyeui-ag-local\\projectoyeui\\src\\components\\credits\\PaymentDialog.tsx": {"lines":{"total":150,"covered":0,"skipped":0,"pct":0},"functions":{"total":1,"covered":0,"skipped":0,"pct":0},"statements":{"total":150,"covered":0,"skipped":0,"pct":0},"branches":{"total":1,"covered":0,"skipped":0,"pct":0}}
,"C:\\Users\\Admin\\bilal-project-oyeui-ag-local\\projectoyeui\\src\\components\\credits\\PricingCard.tsx": {"lines":{"total":64,"covered":0,"skipped":0,"pct":0},"functions":{"total":1,"covered":0,"skipped":0,"pct":0},"statements":{"total":64,"covered":0,"skipped":0,"pct":0},"branches":{"total":1,"covered":0,"skipped":0,"pct":0}}
,"C:\\Users\\Admin\\bilal-project-oyeui-ag-local\\projectoyeui\\src\\components\\credits\\PurchaseCreditsPage.tsx": {"lines":{"total":109,"covered":0,"skipped":0,"pct":0},"functions":{"total":1,"covered":0,"skipped":0,"pct":0},"statements":{"total":109,"covered":0,"skipped":0,"pct":0},"branches":{"total":1,"covered":0,"skipped":0,"pct":0}}
,"C:\\Users\\Admin\\bilal-project-oyeui-ag-local\\projectoyeui\\src\\components\\credits\\UsageDashboard.tsx": {"lines":{"total":186,"covered":0,"skipped":0,"pct":0},"functions":{"total":1,"covered":0,"skipped":0,"pct":0},"statements":{"total":186,"covered":0,"skipped":0,"pct":0},"branches":{"total":1,"covered":0,"skipped":0,"pct":0}}
,"C:\\Users\\Admin\\bilal-project-oyeui-ag-local\\projectoyeui\\src\\components\\dashboard\\EmptyProjectState.tsx": {"lines":{"total":11,"covered":0,"skipped":0,"pct":0},"functions":{"total":1,"covered":0,"skipped":0,"pct":0},"statements":{"total":11,"covered":0,"skipped":0,"pct":0},"branches":{"total":1,"covered":0,"skipped":0,"pct":0}}
,"C:\\Users\\Admin\\bilal-project-oyeui-ag-local\\projectoyeui\\src\\components\\dev\\DevErrorOverlay.tsx": {"lines":{"total":219,"covered":0,"skipped":0,"pct":0},"functions":{"total":1,"covered":0,"skipped":0,"pct":0},"statements":{"total":219,"covered":0,"skipped":0,"pct":0},"branches":{"total":1,"covered":0,"skipped":0,"pct":0}}
,"C:\\Users\\Admin\\bilal-project-oyeui-ag-local\\projectoyeui\\src\\components\\documents\\DocumentApprovalWorkflow.tsx": {"lines":{"total":191,"covered":0,"skipped":0,"pct":0},"functions":{"total":1,"covered":0,"skipped":0,"pct":0},"statements":{"total":191,"covered":0,"skipped":0,"pct":0},"branches":{"total":1,"covered":0,"skipped":0,"pct":0}}
,"C:\\Users\\Admin\\bilal-project-oyeui-ag-local\\projectoyeui\\src\\components\\documents\\DocumentDetailsPanel.tsx": {"lines":{"total":206,"covered":0,"skipped":0,"pct":0},"functions":{"total":1,"covered":0,"skipped":0,"pct":0},"statements":{"total":206,"covered":0,"skipped":0,"pct":0},"branches":{"total":1,"covered":0,"skipped":0,"pct":0}}
,"C:\\Users\\Admin\\bilal-project-oyeui-ag-local\\projectoyeui\\src\\components\\documents\\DocumentGrid.tsx": {"lines":{"total":176,"covered":0,"skipped":0,"pct":0},"functions":{"total":1,"covered":0,"skipped":0,"pct":0},"statements":{"total":176,"covered":0,"skipped":0,"pct":0},"branches":{"total":1,"covered":0,"skipped":0,"pct":0}}
,"C:\\Users\\Admin\\bilal-project-oyeui-ag-local\\projectoyeui\\src\\components\\documents\\DocumentList.tsx": {"lines":{"total":195,"covered":0,"skipped":0,"pct":0},"functions":{"total":1,"covered":0,"skipped":0,"pct":0},"statements":{"total":195,"covered":0,"skipped":0,"pct":0},"branches":{"total":1,"covered":0,"skipped":0,"pct":0}}
,"C:\\Users\\Admin\\bilal-project-oyeui-ag-local\\projectoyeui\\src\\components\\documents\\DocumentMoveDialog.tsx": {"lines":{"total":116,"covered":0,"skipped":0,"pct":0},"functions":{"total":1,"covered":0,"skipped":0,"pct":0},"statements":{"total":116,"covered":0,"skipped":0,"pct":0},"branches":{"total":1,"covered":0,"skipped":0,"pct":0}}
,"C:\\Users\\Admin\\bilal-project-oyeui-ag-local\\projectoyeui\\src\\components\\documents\\DocumentShareDialog.tsx": {"lines":{"total":144,"covered":0,"skipped":0,"pct":0},"functions":{"total":1,"covered":0,"skipped":0,"pct":0},"statements":{"total":144,"covered":0,"skipped":0,"pct":0},"branches":{"total":1,"covered":0,"skipped":0,"pct":0}}
,"C:\\Users\\Admin\\bilal-project-oyeui-ag-local\\projectoyeui\\src\\components\\documents\\DocumentSidebar.tsx": {"lines":{"total":147,"covered":0,"skipped":0,"pct":0},"functions":{"total":1,"covered":0,"skipped":0,"pct":0},"statements":{"total":147,"covered":0,"skipped":0,"pct":0},"branches":{"total":1,"covered":0,"skipped":0,"pct":0}}
,"C:\\Users\\Admin\\bilal-project-oyeui-ag-local\\projectoyeui\\src\\components\\documents\\DocumentToolbar.tsx": {"lines":{"total":166,"covered":0,"skipped":0,"pct":0},"functions":{"total":1,"covered":0,"skipped":0,"pct":0},"statements":{"total":166,"covered":0,"skipped":0,"pct":0},"branches":{"total":1,"covered":0,"skipped":0,"pct":0}}
,"C:\\Users\\Admin\\bilal-project-oyeui-ag-local\\projectoyeui\\src\\components\\documents\\DocumentUploadDialog.tsx": {"lines":{"total":180,"covered":0,"skipped":0,"pct":0},"functions":{"total":1,"covered":0,"skipped":0,"pct":0},"statements":{"total":180,"covered":0,"skipped":0,"pct":0},"branches":{"total":1,"covered":0,"skipped":0,"pct":0}}
,"C:\\Users\\Admin\\bilal-project-oyeui-ag-local\\projectoyeui\\src\\components\\documents\\FolderCreateDialog.tsx": {"lines":{"total":96,"covered":0,"skipped":0,"pct":0},"functions":{"total":1,"covered":0,"skipped":0,"pct":0},"statements":{"total":96,"covered":0,"skipped":0,"pct":0},"branches":{"total":1,"covered":0,"skipped":0,"pct":0}}
,"C:\\Users\\Admin\\bilal-project-oyeui-ag-local\\projectoyeui\\src\\components\\documents\\VersionHistory.tsx": {"lines":{"total":187,"covered":0,"skipped":0,"pct":0},"functions":{"total":1,"covered":0,"skipped":0,"pct":0},"statements":{"total":187,"covered":0,"skipped":0,"pct":0},"branches":{"total":1,"covered":0,"skipped":0,"pct":0}}
,"C:\\Users\\Admin\\bilal-project-oyeui-ag-local\\projectoyeui\\src\\components\\enterprise\\EnterpriseMultiTenancyDashboard.tsx": {"lines":{"total":344,"covered":0,"skipped":0,"pct":0},"functions":{"total":1,"covered":0,"skipped":0,"pct":0},"statements":{"total":344,"covered":0,"skipped":0,"pct":0},"branches":{"total":1,"covered":0,"skipped":0,"pct":0}}
,"C:\\Users\\Admin\\bilal-project-oyeui-ag-local\\projectoyeui\\src\\components\\enterprise\\KPICard.tsx": {"lines":{"total":48,"covered":0,"skipped":0,"pct":0},"functions":{"total":1,"covered":0,"skipped":0,"pct":0},"statements":{"total":48,"covered":0,"skipped":0,"pct":0},"branches":{"total":1,"covered":0,"skipped":0,"pct":0}}
,"C:\\Users\\Admin\\bilal-project-oyeui-ag-local\\projectoyeui\\src\\components\\enterprise\\ProgressRing.tsx": {"lines":{"total":45,"covered":0,"skipped":0,"pct":0},"functions":{"total":1,"covered":0,"skipped":0,"pct":0},"statements":{"total":45,"covered":0,"skipped":0,"pct":0},"branches":{"total":1,"covered":0,"skipped":0,"pct":0}}
,"C:\\Users\\Admin\\bilal-project-oyeui-ag-local\\projectoyeui\\src\\components\\enterprise\\StatusIndicator.tsx": {"lines":{"total":37,"covered":0,"skipped":0,"pct":0},"functions":{"total":1,"covered":0,"skipped":0,"pct":0},"statements":{"total":37,"covered":0,"skipped":0,"pct":0},"branches":{"total":1,"covered":0,"skipped":0,"pct":0}}
,"C:\\Users\\Admin\\bilal-project-oyeui-ag-local\\projectoyeui\\src\\components\\financials\\AddBudgetItemDialog.tsx": {"lines":{"total":105,"covered":0,"skipped":0,"pct":0},"functions":{"total":1,"covered":0,"skipped":0,"pct":0},"statements":{"total":105,"covered":0,"skipped":0,"pct":0},"branches":{"total":1,"covered":0,"skipped":0,"pct":0}}
,"C:\\Users\\Admin\\bilal-project-oyeui-ag-local\\projectoyeui\\src\\components\\financials\\AddInvoiceDialog.tsx": {"lines":{"total":108,"covered":0,"skipped":0,"pct":0},"functions":{"total":1,"covered":0,"skipped":0,"pct":0},"statements":{"total":108,"covered":0,"skipped":0,"pct":0},"branches":{"total":1,"covered":0,"skipped":0,"pct":0}}
,"C:\\Users\\Admin\\bilal-project-oyeui-ag-local\\projectoyeui\\src\\components\\governance\\DelegationDialog.tsx": {"lines":{"total":205,"covered":0,"skipped":0,"pct":0},"functions":{"total":1,"covered":0,"skipped":0,"pct":0},"statements":{"total":205,"covered":0,"skipped":0,"pct":0},"branches":{"total":1,"covered":0,"skipped":0,"pct":0}}
,"C:\\Users\\Admin\\bilal-project-oyeui-ag-local\\projectoyeui\\src\\components\\governance\\DelegationHistory.tsx": {"lines":{"total":126,"covered":0,"skipped":0,"pct":0},"functions":{"total":1,"covered":0,"skipped":0,"pct":0},"statements":{"total":126,"covered":0,"skipped":0,"pct":0},"branches":{"total":1,"covered":0,"skipped":0,"pct":0}}
,"C:\\Users\\Admin\\bilal-project-oyeui-ag-local\\projectoyeui\\src\\components\\governance\\DelegationTemplates.tsx": {"lines":{"total":203,"covered":0,"skipped":0,"pct":0},"functions":{"total":1,"covered":0,"skipped":0,"pct":0},"statements":{"total":203,"covered":0,"skipped":0,"pct":0},"branches":{"total":1,"covered":0,"skipped":0,"pct":0}}
,"C:\\Users\\Admin\\bilal-project-oyeui-ag-local\\projectoyeui\\src\\components\\governance\\GlobalGovernanceDashboard.tsx": {"lines":{"total":287,"covered":0,"skipped":0,"pct":0},"functions":{"total":1,"covered":0,"skipped":0,"pct":0},"statements":{"total":287,"covered":0,"skipped":0,"pct":0},"branches":{"total":1,"covered":0,"skipped":0,"pct":0}}
,"C:\\Users\\Admin\\bilal-project-oyeui-ag-local\\projectoyeui\\src\\components\\governance\\NotificationBadge.tsx": {"lines":{"total":34,"covered":0,"skipped":0,"pct":0},"functions":{"total":1,"covered":0,"skipped":0,"pct":0},"statements":{"total":34,"covered":0,"skipped":0,"pct":0},"branches":{"total":1,"covered":0,"skipped":0,"pct":0}}
,"C:\\Users\\Admin\\bilal-project-oyeui-ag-local\\projectoyeui\\src\\components\\governance\\NotificationHistory.tsx": {"lines":{"total":160,"covered":0,"skipped":0,"pct":0},"functions":{"total":1,"covered":0,"skipped":0,"pct":0},"statements":{"total":160,"covered":0,"skipped":0,"pct":0},"branches":{"total":1,"covered":0,"skipped":0,"pct":0}}
,"C:\\Users\\Admin\\bilal-project-oyeui-ag-local\\projectoyeui\\src\\components\\landing\\FeaturesSection.tsx": {"lines":{"total":80,"covered":0,"skipped":0,"pct":0},"functions":{"total":1,"covered":0,"skipped":0,"pct":0},"statements":{"total":80,"covered":0,"skipped":0,"pct":0},"branches":{"total":1,"covered":0,"skipped":0,"pct":0}}
,"C:\\Users\\Admin\\bilal-project-oyeui-ag-local\\projectoyeui\\src\\components\\layout\\AppShell.tsx": {"lines":{"total":44,"covered":0,"skipped":0,"pct":0},"functions":{"total":1,"covered":0,"skipped":0,"pct":0},"statements":{"total":44,"covered":0,"skipped":0,"pct":0},"branches":{"total":1,"covered":0,"skipped":0,"pct":0}}
,"C:\\Users\\Admin\\bilal-project-oyeui-ag-local\\projectoyeui\\src\\components\\layout\\CreateProjectDialog.tsx": {"lines":{"total":123,"covered":0,"skipped":0,"pct":0},"functions":{"total":1,"covered":0,"skipped":0,"pct":0},"statements":{"total":123,"covered":0,"skipped":0,"pct":0},"branches":{"total":1,"covered":0,"skipped":0,"pct":0}}
,"C:\\Users\\Admin\\bilal-project-oyeui-ag-local\\projectoyeui\\src\\components\\layout\\LandingFooter.tsx": {"lines":{"total":16,"covered":0,"skipped":0,"pct":0},"functions":{"total":1,"covered":0,"skipped":0,"pct":0},"statements":{"total":16,"covered":0,"skipped":0,"pct":0},"branches":{"total":1,"covered":0,"skipped":0,"pct":0}}
,"C:\\Users\\Admin\\bilal-project-oyeui-ag-local\\projectoyeui\\src\\components\\layout\\LandingHeader.tsx": {"lines":{"total":34,"covered":0,"skipped":0,"pct":0},"functions":{"total":1,"covered":0,"skipped":0,"pct":0},"statements":{"total":34,"covered":0,"skipped":0,"pct":0},"branches":{"total":1,"covered":0,"skipped":0,"pct":0}}
,"C:\\Users\\Admin\\bilal-project-oyeui-ag-local\\projectoyeui\\src\\components\\layout\\ProjectSwitcher.tsx": {"lines":{"total":56,"covered":0,"skipped":0,"pct":0},"functions":{"total":1,"covered":0,"skipped":0,"pct":0},"statements":{"total":56,"covered":0,"skipped":0,"pct":0},"branches":{"total":1,"covered":0,"skipped":0,"pct":0}}
,"C:\\Users\\Admin\\bilal-project-oyeui-ag-local\\projectoyeui\\src\\components\\layout\\Sidebar.tsx": {"lines":{"total":355,"covered":0,"skipped":0,"pct":0},"functions":{"total":1,"covered":0,"skipped":0,"pct":0},"statements":{"total":355,"covered":0,"skipped":0,"pct":0},"branches":{"total":1,"covered":0,"skipped":0,"pct":0}}
,"C:\\Users\\Admin\\bilal-project-oyeui-ag-local\\projectoyeui\\src\\components\\layout\\TopBar.tsx": {"lines":{"total":166,"covered":0,"skipped":0,"pct":0},"functions":{"total":1,"covered":0,"skipped":0,"pct":0},"statements":{"total":166,"covered":0,"skipped":0,"pct":0},"branches":{"total":1,"covered":0,"skipped":0,"pct":0}}
,"C:\\Users\\Admin\\bilal-project-oyeui-ag-local\\projectoyeui\\src\\components\\linking\\LinkDialog.tsx": {"lines":{"total":138,"covered":0,"skipped":0,"pct":0},"functions":{"total":1,"covered":0,"skipped":0,"pct":0},"statements":{"total":138,"covered":0,"skipped":0,"pct":0},"branches":{"total":1,"covered":0,"skipped":0,"pct":0}}
,"C:\\Users\\Admin\\bilal-project-oyeui-ag-local\\projectoyeui\\src\\components\\meetings\\MeetingCreationDialog.tsx": {"lines":{"total":453,"covered":0,"skipped":0,"pct":0},"functions":{"total":1,"covered":0,"skipped":0,"pct":0},"statements":{"total":453,"covered":0,"skipped":0,"pct":0},"branches":{"total":1,"covered":0,"skipped":0,"pct":0}}
,"C:\\Users\\Admin\\bilal-project-oyeui-ag-local\\projectoyeui\\src\\components\\meetings\\MeetingEditDialog.tsx": {"lines":{"total":222,"covered":0,"skipped":0,"pct":0},"functions":{"total":1,"covered":0,"skipped":0,"pct":0},"statements":{"total":222,"covered":0,"skipped":0,"pct":0},"branches":{"total":1,"covered":0,"skipped":0,"pct":0}}
,"C:\\Users\\Admin\\bilal-project-oyeui-ag-local\\projectoyeui\\src\\components\\meetings\\MiniCalendarSidebar.tsx": {"lines":{"total":121,"covered":0,"skipped":0,"pct":0},"functions":{"total":1,"covered":0,"skipped":0,"pct":0},"statements":{"total":121,"covered":0,"skipped":0,"pct":0},"branches":{"total":1,"covered":0,"skipped":0,"pct":0}}
,"C:\\Users\\Admin\\bilal-project-oyeui-ag-local\\projectoyeui\\src\\components\\meetings\\RecurringEditDialog.tsx": {"lines":{"total":44,"covered":0,"skipped":0,"pct":0},"functions":{"total":1,"covered":0,"skipped":0,"pct":0},"statements":{"total":44,"covered":0,"skipped":0,"pct":0},"branches":{"total":1,"covered":0,"skipped":0,"pct":0}}
,"C:\\Users\\Admin\\bilal-project-oyeui-ag-local\\projectoyeui\\src\\components\\meetings\\TranscriptUploadDialog.tsx": {"lines":{"total":233,"covered":0,"skipped":0,"pct":0},"functions":{"total":1,"covered":0,"skipped":0,"pct":0},"statements":{"total":233,"covered":0,"skipped":0,"pct":0},"branches":{"total":1,"covered":0,"skipped":0,"pct":0}}
,"C:\\Users\\Admin\\bilal-project-oyeui-ag-local\\projectoyeui\\src\\components\\ml\\AdvancedMLFeatures.tsx": {"lines":{"total":202,"covered":0,"skipped":0,"pct":0},"functions":{"total":1,"covered":0,"skipped":0,"pct":0},"statements":{"total":202,"covered":0,"skipped":0,"pct":0},"branches":{"total":1,"covered":0,"skipped":0,"pct":0}}
,"C:\\Users\\Admin\\bilal-project-oyeui-ag-local\\projectoyeui\\src\\components\\ml\\AutoLearningSettings.tsx": {"lines":{"total":172,"covered":0,"skipped":0,"pct":0},"functions":{"total":1,"covered":0,"skipped":0,"pct":0},"statements":{"total":172,"covered":0,"skipped":0,"pct":0},"branches":{"total":1,"covered":0,"skipped":0,"pct":0}}
,"C:\\Users\\Admin\\bilal-project-oyeui-ag-local\\projectoyeui\\src\\components\\ml\\MLDashboard.tsx": {"lines":{"total":126,"covered":0,"skipped":0,"pct":0},"functions":{"total":1,"covered":0,"skipped":0,"pct":0},"statements":{"total":126,"covered":0,"skipped":0,"pct":0},"branches":{"total":1,"covered":0,"skipped":0,"pct":0}}
,"C:\\Users\\Admin\\bilal-project-oyeui-ag-local\\projectoyeui\\src\\components\\ml\\MLPages.tsx": {"lines":{"total":2,"covered":0,"skipped":0,"pct":0},"functions":{"total":1,"covered":0,"skipped":0,"pct":0},"statements":{"total":2,"covered":0,"skipped":0,"pct":0},"branches":{"total":1,"covered":0,"skipped":0,"pct":0}}
,"C:\\Users\\Admin\\bilal-project-oyeui-ag-local\\projectoyeui\\src\\components\\ml\\MLPatternManagement.tsx": {"lines":{"total":199,"covered":0,"skipped":0,"pct":0},"functions":{"total":1,"covered":0,"skipped":0,"pct":0},"statements":{"total":199,"covered":0,"skipped":0,"pct":0},"branches":{"total":1,"covered":0,"skipped":0,"pct":0}}
,"C:\\Users\\Admin\\bilal-project-oyeui-ag-local\\projectoyeui\\src\\components\\ml\\MLPredictionFeedback.tsx": {"lines":{"total":179,"covered":0,"skipped":0,"pct":0},"functions":{"total":1,"covered":0,"skipped":0,"pct":0},"statements":{"total":179,"covered":0,"skipped":0,"pct":0},"branches":{"total":1,"covered":0,"skipped":0,"pct":0}}
,"C:\\Users\\Admin\\bilal-project-oyeui-ag-local\\projectoyeui\\src\\components\\ml\\MLPredictionHistory.tsx": {"lines":{"total":104,"covered":0,"skipped":0,"pct":0},"functions":{"total":1,"covered":0,"skipped":0,"pct":0},"statements":{"total":104,"covered":0,"skipped":0,"pct":0},"branches":{"total":1,"covered":0,"skipped":0,"pct":0}}
,"C:\\Users\\Admin\\bilal-project-oyeui-ag-local\\projectoyeui\\src\\components\\ml\\ModelMetadataCard.tsx": {"lines":{"total":91,"covered":0,"skipped":0,"pct":0},"functions":{"total":1,"covered":0,"skipped":0,"pct":0},"statements":{"total":91,"covered":0,"skipped":0,"pct":0},"branches":{"total":1,"covered":0,"skipped":0,"pct":0}}
,"C:\\Users\\Admin\\bilal-project-oyeui-ag-local\\projectoyeui\\src\\components\\ml\\RetrainingJobCard.tsx": {"lines":{"total":82,"covered":0,"skipped":0,"pct":0},"functions":{"total":1,"covered":0,"skipped":0,"pct":0},"statements":{"total":82,"covered":0,"skipped":0,"pct":0},"branches":{"total":1,"covered":0,"skipped":0,"pct":0}}
,"C:\\Users\\Admin\\bilal-project-oyeui-ag-local\\projectoyeui\\src\\components\\ml\\index.tsx": {"lines":{"total":1,"covered":0,"skipped":0,"pct":0},"functions":{"total":1,"covered":0,"skipped":0,"pct":0},"statements":{"total":1,"covered":0,"skipped":0,"pct":0},"branches":{"total":1,"covered":0,"skipped":0,"pct":0}}
,"C:\\Users\\Admin\\bilal-project-oyeui-ag-local\\projectoyeui\\src\\components\\ml\\analytics\\AIInsightsAnalyticsCard.tsx": {"lines":{"total":51,"covered":0,"skipped":0,"pct":0},"functions":{"total":1,"covered":0,"skipped":0,"pct":0},"statements":{"total":51,"covered":0,"skipped":0,"pct":0},"branches":{"total":1,"covered":0,"skipped":0,"pct":0}}
,"C:\\Users\\Admin\\bilal-project-oyeui-ag-local\\projectoyeui\\src\\components\\ml\\analytics\\BudgetAnalyticsCard.tsx": {"lines":{"total":65,"covered":0,"skipped":0,"pct":0},"functions":{"total":1,"covered":0,"skipped":0,"pct":0},"statements":{"total":65,"covered":0,"skipped":0,"pct":0},"branches":{"total":1,"covered":0,"skipped":0,"pct":0}}
,"C:\\Users\\Admin\\bilal-project-oyeui-ag-local\\projectoyeui\\src\\components\\ml\\analytics\\LearningVelocityCard.tsx": {"lines":{"total":64,"covered":0,"skipped":0,"pct":0},"functions":{"total":1,"covered":0,"skipped":0,"pct":0},"statements":{"total":64,"covered":0,"skipped":0,"pct":0},"branches":{"total":1,"covered":0,"skipped":0,"pct":0}}
,"C:\\Users\\Admin\\bilal-project-oyeui-ag-local\\projectoyeui\\src\\components\\ml\\analytics\\RiskAnalyticsCard.tsx": {"lines":{"total":92,"covered":0,"skipped":0,"pct":0},"functions":{"total":1,"covered":0,"skipped":0,"pct":0},"statements":{"total":92,"covered":0,"skipped":0,"pct":0},"branches":{"total":1,"covered":0,"skipped":0,"pct":0}}
,"C:\\Users\\Admin\\bilal-project-oyeui-ag-local\\projectoyeui\\src\\components\\ml\\analytics\\ScheduleAnalyticsCard.tsx": {"lines":{"total":65,"covered":0,"skipped":0,"pct":0},"functions":{"total":1,"covered":0,"skipped":0,"pct":0},"statements":{"total":65,"covered":0,"skipped":0,"pct":0},"branches":{"total":1,"covered":0,"skipped":0,"pct":0}}
,"C:\\Users\\Admin\\bilal-project-oyeui-ag-local\\projectoyeui\\src\\components\\ml\\analytics\\charts\\AccuracyTrendChart.tsx": {"lines":{"total":109,"covered":0,"skipped":0,"pct":0},"functions":{"total":1,"covered":0,"skipped":0,"pct":0},"statements":{"total":109,"covered":0,"skipped":0,"pct":0},"branches":{"total":1,"covered":0,"skipped":0,"pct":0}}
,"C:\\Users\\Admin\\bilal-project-oyeui-ag-local\\projectoyeui\\src\\components\\ml\\analytics\\charts\\ConfidenceAccuracyPlot.tsx": {"lines":{"total":98,"covered":0,"skipped":0,"pct":0},"functions":{"total":1,"covered":0,"skipped":0,"pct":0},"statements":{"total":98,"covered":0,"skipped":0,"pct":0},"branches":{"total":1,"covered":0,"skipped":0,"pct":0}}
,"C:\\Users\\Admin\\bilal-project-oyeui-ag-local\\projectoyeui\\src\\components\\ml\\analytics\\charts\\InsightTypeBreakdown.tsx": {"lines":{"total":101,"covered":0,"skipped":0,"pct":0},"functions":{"total":1,"covered":0,"skipped":0,"pct":0},"statements":{"total":101,"covered":0,"skipped":0,"pct":0},"branches":{"total":1,"covered":0,"skipped":0,"pct":0}}
,"C:\\Users\\Admin\\bilal-project-oyeui-ag-local\\projectoyeui\\src\\components\\ml\\analytics\\charts\\PatternPerformanceChart.tsx": {"lines":{"total":50,"covered":0,"skipped":0,"pct":0},"functions":{"total":1,"covered":0,"skipped":0,"pct":0},"statements":{"total":50,"covered":0,"skipped":0,"pct":0},"branches":{"total":1,"covered":0,"skipped":0,"pct":0}}
,"C:\\Users\\Admin\\bilal-project-oyeui-ag-local\\projectoyeui\\src\\components\\ml\\analytics\\charts\\PredictionHeatmap.tsx": {"lines":{"total":87,"covered":0,"skipped":0,"pct":0},"functions":{"total":1,"covered":0,"skipped":0,"pct":0},"statements":{"total":87,"covered":0,"skipped":0,"pct":0},"branches":{"total":1,"covered":0,"skipped":0,"pct":0}}
,"C:\\Users\\Admin\\bilal-project-oyeui-ag-local\\projectoyeui\\src\\components\\ml\\analytics\\charts\\PredictionVolumeChart.tsx": {"lines":{"total":106,"covered":0,"skipped":0,"pct":0},"functions":{"total":1,"covered":0,"skipped":0,"pct":0},"statements":{"total":106,"covered":0,"skipped":0,"pct":0},"branches":{"total":1,"covered":0,"skipped":0,"pct":0}}
,"C:\\Users\\Admin\\bilal-project-oyeui-ag-local\\projectoyeui\\src\\components\\ml\\examples\\TaskPriorityMLExample.tsx": {"lines":{"total":102,"covered":0,"skipped":0,"pct":0},"functions":{"total":1,"covered":0,"skipped":0,"pct":0},"statements":{"total":102,"covered":0,"skipped":0,"pct":0},"branches":{"total":1,"covered":0,"skipped":0,"pct":0}}
,"C:\\Users\\Admin\\bilal-project-oyeui-ag-local\\projectoyeui\\src\\components\\ml\\pages\\MLAccuracyPage.tsx": {"lines":{"total":172,"covered":0,"skipped":0,"pct":0},"functions":{"total":1,"covered":0,"skipped":0,"pct":0},"statements":{"total":172,"covered":0,"skipped":0,"pct":0},"branches":{"total":1,"covered":0,"skipped":0,"pct":0}}
,"C:\\Users\\Admin\\bilal-project-oyeui-ag-local\\projectoyeui\\src\\components\\ml\\pages\\MLAlertsPage.tsx": {"lines":{"total":91,"covered":0,"skipped":0,"pct":0},"functions":{"total":1,"covered":0,"skipped":0,"pct":0},"statements":{"total":91,"covered":0,"skipped":0,"pct":0},"branches":{"total":1,"covered":0,"skipped":0,"pct":0}}
,"C:\\Users\\Admin\\bilal-project-oyeui-ag-local\\projectoyeui\\src\\components\\ml\\pages\\MLAnalyticsPage.tsx": {"lines":{"total":30,"covered":0,"skipped":0,"pct":0},"functions":{"total":1,"covered":0,"skipped":0,"pct":0},"statements":{"total":30,"covered":0,"skipped":0,"pct":0},"branches":{"total":1,"covered":0,"skipped":0,"pct":0}}
,"C:\\Users\\Admin\\bilal-project-oyeui-ag-local\\projectoyeui\\src\\components\\ml\\pages\\MLDashboardPage.tsx": {"lines":{"total":109,"covered":0,"skipped":0,"pct":0},"functions":{"total":1,"covered":0,"skipped":0,"pct":0},"statements":{"total":109,"covered":0,"skipped":0,"pct":0},"branches":{"total":1,"covered":0,"skipped":0,"pct":0}}
,"C:\\Users\\Admin\\bilal-project-oyeui-ag-local\\projectoyeui\\src\\components\\ml\\pages\\MLModelsPage.tsx": {"lines":{"total":120,"covered":0,"skipped":0,"pct":0},"functions":{"total":1,"covered":0,"skipped":0,"pct":0},"statements":{"total":120,"covered":0,"skipped":0,"pct":0},"branches":{"total":1,"covered":0,"skipped":0,"pct":0}}
,"C:\\Users\\Admin\\bilal-project-oyeui-ag-local\\projectoyeui\\src\\components\\ml\\pages\\MLPredictionsPage.tsx": {"lines":{"total":99,"covered":0,"skipped":0,"pct":0},"functions":{"total":1,"covered":0,"skipped":0,"pct":0},"statements":{"total":99,"covered":0,"skipped":0,"pct":0},"branches":{"total":1,"covered":0,"skipped":0,"pct":0}}
[...]
,"C:\\Users\\Admin\\bilal-project-oyeui-ag-local\\projectoyeui\\src\\services\\delegationService.ts": {"lines":{"total":335,"covered":268,"skipped":0,"pct":80},"functions":{"total":14,"covered":14,"skipped":0,"pct":100},"statements":{"total":335,"covered":268,"skipped":0,"pct":80},"branches":{"total":41,"covered":18,"skipped":0,"pct":43.9}}
,"C:\\Users\\Admin\\bilal-project-oyeui-ag-local\\projectoyeui\\src\\services\\emailService.ts": {"lines":{"total":127,"covered":75,"skipped":0,"pct":59.05},"functions":{"total":6,"covered":5,"skipped":0,"pct":83.33},"statements":{"total":127,"covered":75,"skipped":0,"pct":59.05},"branches":{"total":13,"covered":8,"skipped":0,"pct":61.53}}
,"C:\\Users\\Admin\\bilal-project-oyeui-ag-local\\projectoyeui\\src\\services\\emailTemplateService.ts": {"lines":{"total":153,"covered":0,"skipped":0,"pct":0},"functions":{"total":1,"covered":0,"skipped":0,"pct":0},"statements":{"total":153,"covered":0,"skipped":0,"pct":0},"branches":{"total":1,"covered":0,"skipped":0,"pct":0}}
,"C:\\Users\\Admin\\bilal-project-oyeui-ag-local\\projectoyeui\\src\\services\\exportService.ts": {"lines":{"total":238,"covered":44,"skipped":0,"pct":18.48},"functions":{"total":5,"covered":2,"skipped":0,"pct":40},"statements":{"total":238,"covered":44,"skipped":0,"pct":18.48},"branches":{"total":7,"covered":4,"skipped":0,"pct":57.14}}
,"C:\\Users\\Admin\\bilal-project-oyeui-ag-local\\projectoyeui\\src\\services\\extendedNotificationTriggers.ts": {"lines":{"total":281,"covered":38,"skipped":0,"pct":13.52},"functions":{"total":10,"covered":0,"skipped":0,"pct":0},"statements":{"total":281,"covered":38,"skipped":0,"pct":13.52},"branches":{"total":0,"covered":0,"skipped":0,"pct":100}}
,"C:\\Users\\Admin\\bilal-project-oyeui-ag-local\\projectoyeui\\src\\services\\filterPresetService.ts": {"lines":{"total":89,"covered":60,"skipped":0,"pct":67.41},"functions":{"total":5,"covered":3,"skipped":0,"pct":60},"statements":{"total":89,"covered":60,"skipped":0,"pct":67.41},"branches":{"total":12,"covered":7,"skipped":0,"pct":58.33}}
,"C:\\Users\\Admin\\bilal-project-oyeui-ag-local\\projectoyeui\\src\\services\\governanceNotificationService.ts": {"lines":{"total":523,"covered":221,"skipped":0,"pct":42.25},"functions":{"total":19,"covered":10,"skipped":0,"pct":52.63},"statements":{"total":523,"covered":221,"skipped":0,"pct":42.25},"branches":{"total":57,"covered":11,"skipped":0,"pct":19.29}}
,"C:\\Users\\Admin\\bilal-project-oyeui-ag-local\\projectoyeui\\src\\services\\governanceService.ts": {"lines":{"total":509,"covered":410,"skipped":0,"pct":80.55},"functions":{"total":15,"covered":15,"skipped":0,"pct":100},"statements":{"total":509,"covered":410,"skipped":0,"pct":80.55},"branches":{"total":70,"covered":28,"skipped":0,"pct":40}}
,"C:\\Users\\Admin\\bilal-project-oyeui-ag-local\\projectoyeui\\src\\services\\imapService.ts": {"lines":{"total":89,"covered":21,"skipped":0,"pct":23.59},"functions":{"total":8,"covered":0,"skipped":0,"pct":0},"statements":{"total":89,"covered":21,"skipped":0,"pct":23.59},"branches":{"total":0,"covered":0,"skipped":0,"pct":100}}
,"C:\\Users\\Admin\\bilal-project-oyeui-ag-local\\projectoyeui\\src\\services\\invoiceService.ts": {"lines":{"total":234,"covered":0,"skipped":0,"pct":0},"functions":{"total":1,"covered":0,"skipped":0,"pct":0},"statements":{"total":234,"covered":0,"skipped":0,"pct":0},"branches":{"total":1,"covered":0,"skipped":0,"pct":0}}
,"C:\\Users\\Admin\\bilal-project-oyeui-ag-local\\projectoyeui\\src\\services\\knowledgeBaseService.ts": {"lines":{"total":198,"covered":147,"skipped":0,"pct":74.24},"functions":{"total":12,"covered":11,"skipped":0,"pct":91.66},"statements":{"total":198,"covered":147,"skipped":0,"pct":74.24},"branches":{"total":55,"covered":18,"skipped":0,"pct":32.72}}
,"C:\\Users\\Admin\\bilal-project-oyeui-ag-local\\projectoyeui\\src\\services\\manualLearningService.ts": {"lines":{"total":219,"covered":0,"skipped":0,"pct":0},"functions":{"total":1,"covered":0,"skipped":0,"pct":0},"statements":{"total":219,"covered":0,"skipped":0,"pct":0},"branches":{"total":1,"covered":0,"skipped":0,"pct":0}}
,"C:\\Users\\Admin\\bilal-project-oyeui-ag-local\\projectoyeui\\src\\services\\meetingAnalyticsService.ts": {"lines":{"total":339,"covered":200,"skipped":0,"pct":58.99},"functions":{"total":11,"covered":10,"skipped":0,"pct":90.9},"statements":{"total":339,"covered":200,"skipped":0,"pct":58.99},"branches":{"total":23,"covered":10,"skipped":0,"pct":43.47}}
,"C:\\Users\\Admin\\bilal-project-oyeui-ag-local\\projectoyeui\\src\\services\\mlAnalyticsService.ts": {"lines":{"total":222,"covered":172,"skipped":0,"pct":77.47},"functions":{"total":8,"covered":8,"skipped":0,"pct":100},"statements":{"total":222,"covered":172,"skipped":0,"pct":77.47},"branches":{"total":45,"covered":35,"skipped":0,"pct":77.77}}
,"C:\\Users\\Admin\\bilal-project-oyeui-ag-local\\projectoyeui\\src\\services\\mlLearningService.ts": {"lines":{"total":145,"covered":0,"skipped":0,"pct":0},"functions":{"total":1,"covered":0,"skipped":0,"pct":0},"statements":{"total":145,"covered":0,"skipped":0,"pct":0},"branches":{"total":1,"covered":0,"skipped":0,"pct":0}}
,"C:\\Users\\Admin\\bilal-project-oyeui-ag-local\\projectoyeui\\src\\services\\mlModelOperations.ts": {"lines":{"total":321,"covered":263,"skipped":0,"pct":81.93},"functions":{"total":10,"covered":10,"skipped":0,"pct":100},"statements":{"total":321,"covered":263,"skipped":0,"pct":81.93},"branches":{"total":50,"covered":20,"skipped":0,"pct":40}}
,"C:\\Users\\Admin\\bilal-project-oyeui-ag-local\\projectoyeui\\src\\services\\mlMonitoringService.ts": {"lines":{"total":251,"covered":171,"skipped":0,"pct":68.12},"functions":{"total":7,"covered":7,"skipped":0,"pct":100},"statements":{"total":251,"covered":171,"skipped":0,"pct":68.12},"branches":{"total":25,"covered":8,"skipped":0,"pct":32}}
,"C:\\Users\\Admin\\bilal-project-oyeui-ag-local\\projectoyeui\\src\\services\\mlPredictionService.ts": {"lines":{"total":184,"covered":24,"skipped":0,"pct":13.04},"functions":{"total":7,"covered":0,"skipped":0,"pct":0},"statements":{"total":184,"covered":24,"skipped":0,"pct":13.04},"branches":{"total":0,"covered":0,"skipped":0,"pct":100}}
,"C:\\Users\\Admin\\bilal-project-oyeui-ag-local\\projectoyeui\\src\\services\\mlRetrainingService.ts": {"lines":{"total":133,"covered":0,"skipped":0,"pct":0},"functions":{"total":1,"covered":0,"skipped":0,"pct":0},"statements":{"total":133,"covered":0,"skipped":0,"pct":0},"branches":{"total":1,"covered":0,"skipped":0,"pct":0}}
,"C:\\Users\\Admin\\bilal-project-oyeui-ag-local\\projectoyeui\\src\\services\\mlSharingService.ts": {"lines":{"total":216,"covered":137,"skipped":0,"pct":63.42},"functions":{"total":8,"covered":7,"skipped":0,"pct":87.5},"statements":{"total":216,"covered":137,"skipped":0,"pct":63.42},"branches":{"total":41,"covered":31,"skipped":0,"pct":75.6}}
,"C:\\Users\\Admin\\bilal-project-oyeui-ag-local\\projectoyeui\\src\\services\\mlSnapshotService.ts": {"lines":{"total":202,"covered":89,"skipped":0,"pct":44.05},"functions":{"total":5,"covered":4,"skipped":0,"pct":80},"statements":{"total":202,"covered":89,"skipped":0,"pct":44.05},"branches":{"total":26,"covered":19,"skipped":0,"pct":73.07}}
,"C:\\Users\\Admin\\bilal-project-oyeui-ag-local\\projectoyeui\\src\\services\\notificationAnalyticsService.ts": {"lines":{"total":149,"covered":13,"skipped":0,"pct":8.72},"functions":{"total":4,"covered":0,"skipped":0,"pct":0},"statements":{"total":149,"covered":13,"skipped":0,"pct":8.72},"branches":{"total":0,"covered":0,"skipped":0,"pct":100}}
,"C:\\Users\\Admin\\bilal-project-oyeui-ag-local\\projectoyeui\\src\\services\\notificationService.ts": {"lines":{"total":380,"covered":77,"skipped":0,"pct":20.26},"functions":{"total":11,"covered":2,"skipped":0,"pct":18.18},"statements":{"total":380,"covered":77,"skipped":0,"pct":20.26},"branches":{"total":8,"covered":2,"skipped":0,"pct":25}}
,"C:\\Users\\Admin\\bilal-project-oyeui-ag-local\\projectoyeui\\src\\services\\passwordPolicyService.ts": {"lines":{"total":76,"covered":76,"skipped":0,"pct":100},"functions":{"total":6,"covered":6,"skipped":0,"pct":100},"statements":{"total":76,"covered":76,"skipped":0,"pct":100},"branches":{"total":25,"covered":23,"skipped":0,"pct":92}}
,"C:\\Users\\Admin\\bilal-project-oyeui-ag-local\\projectoyeui\\src\\services\\patternExportService.ts": {"lines":{"total":198,"covered":0,"skipped":0,"pct":0},"functions":{"total":1,"covered":0,"skipped":0,"pct":0},"statements":{"total":198,"covered":0,"skipped":0,"pct":0},"branches":{"total":1,"covered":0,"skipped":0,"pct":0}}
,"C:\\Users\\Admin\\bilal-project-oyeui-ag-local\\projectoyeui\\src\\services\\patternOptimizationService.ts": {"lines":{"total":227,"covered":21,"skipped":0,"pct":9.25},"functions":{"total":7,"covered":0,"skipped":0,"pct":0},"statements":{"total":227,"covered":21,"skipped":0,"pct":9.25},"branches":{"total":0,"covered":0,"skipped":0,"pct":100}}
,"C:\\Users\\Admin\\bilal-project-oyeui-ag-local\\projectoyeui\\src\\services\\patternPruningService.ts": {"lines":{"total":160,"covered":0,"skipped":0,"pct":0},"functions":{"total":1,"covered":0,"skipped":0,"pct":0},"statements":{"total":160,"covered":0,"skipped":0,"pct":0},"branches":{"total":1,"covered":0,"skipped":0,"pct":0}}
,"C:\\Users\\Admin\\bilal-project-oyeui-ag-local\\projectoyeui\\src\\services\\patternVersioningService.ts": {"lines":{"total":165,"covered":0,"skipped":0,"pct":0},"functions":{"total":1,"covered":0,"skipped":0,"pct":0},"statements":{"total":165,"covered":0,"skipped":0,"pct":0},"branches":{"total":1,"covered":0,"skipped":0,"pct":0}}
,"C:\\Users\\Admin\\bilal-project-oyeui-ag-local\\projectoyeui\\src\\services\\portfolioService.ts": {"lines":{"total":257,"covered":45,"skipped":0,"pct":17.5},"functions":{"total":16,"covered":0,"skipped":0,"pct":0},"statements":{"total":257,"covered":45,"skipped":0,"pct":17.5},"branches":{"total":0,"covered":0,"skipped":0,"pct":100}}
,"C:\\Users\\Admin\\bilal-project-oyeui-ag-local\\projectoyeui\\src\\services\\presenceService.ts": {"lines":{"total":151,"covered":109,"skipped":0,"pct":72.18},"functions":{"total":9,"covered":7,"skipped":0,"pct":77.77},"statements":{"total":151,"covered":109,"skipped":0,"pct":72.18},"branches":{"total":11,"covered":8,"skipped":0,"pct":72.72}}
,"C:\\Users\\Admin\\bilal-project-oyeui-ag-local\\projectoyeui\\src\\services\\programDocumentLibraryService.ts": {"lines":{"total":187,"covered":0,"skipped":0,"pct":0},"functions":{"total":1,"covered":0,"skipped":0,"pct":0},"statements":{"total":187,"covered":0,"skipped":0,"pct":0},"branches":{"total":1,"covered":0,"skipped":0,"pct":0}}
,"C:\\Users\\Admin\\bilal-project-oyeui-ag-local\\projectoyeui\\src\\services\\programInsightsService.ts": {"lines":{"total":318,"covered":243,"skipped":0,"pct":76.41},"functions":{"total":7,"covered":7,"skipped":0,"pct":100},"statements":{"total":318,"covered":243,"skipped":0,"pct":76.41},"branches":{"total":52,"covered":12,"skipped":0,"pct":23.07}}
,"C:\\Users\\Admin\\bilal-project-oyeui-ag-local\\projectoyeui\\src\\services\\programService.ts": {"lines":{"total":377,"covered":239,"skipped":0,"pct":63.39},"functions":{"total":21,"covered":14,"skipped":0,"pct":66.66},"statements":{"total":377,"covered":239,"skipped":0,"pct":63.39},"branches":{"total":48,"covered":14,"skipped":0,"pct":29.16}}
,"C:\\Users\\Admin\\bilal-project-oyeui-ag-local\\projectoyeui\\src\\services\\programTimelineService.ts": {"lines":{"total":282,"covered":0,"skipped":0,"pct":0},"functions":{"total":1,"covered":0,"skipped":0,"pct":0},"statements":{"total":282,"covered":0,"skipped":0,"pct":0},"branches":{"total":1,"covered":0,"skipped":0,"pct":0}}
,"C:\\Users\\Admin\\bilal-project-oyeui-ag-local\\projectoyeui\\src\\services\\projectRolesService.ts": {"lines":{"total":174,"covered":78,"skipped":0,"pct":44.82},"functions":{"total":6,"covered":0,"skipped":0,"pct":0},"statements":{"total":174,"covered":78,"skipped":0,"pct":44.82},"branches":{"total":0,"covered":0,"skipped":0,"pct":100}}
,"C:\\Users\\Admin\\bilal-project-oyeui-ag-local\\projectoyeui\\src\\services\\pushNotificationService.ts": {"lines":{"total":182,"covered":0,"skipped":0,"pct":0},"functions":{"total":1,"covered":0,"skipped":0,"pct":0},"statements":{"total":182,"covered":0,"skipped":0,"pct":0},"branches":{"total":1,"covered":0,"skipped":0,"pct":0}}
,"C:\\Users\\Admin\\bilal-project-oyeui-ag-local\\projectoyeui\\src\\services\\realtimeService.ts": {"lines":{"total":85,"covered":65,"skipped":0,"pct":76.47},"functions":{"total":10,"covered":10,"skipped":0,"pct":100},"statements":{"total":85,"covered":65,"skipped":0,"pct":76.47},"branches":{"total":22,"covered":19,"skipped":0,"pct":86.36}}
,"C:\\Users\\Admin\\bilal-project-oyeui-ag-local\\projectoyeui\\src\\services\\scenarioService.ts": {"lines":{"total":142,"covered":35,"skipped":0,"pct":24.64},"functions":{"total":7,"covered":3,"skipped":0,"pct":42.85},"statements":{"total":142,"covered":35,"skipped":0,"pct":24.64},"branches":{"total":7,"covered":4,"skipped":0,"pct":57.14}}
,"C:\\Users\\Admin\\bilal-project-oyeui-ag-local\\projectoyeui\\src\\services\\securityAuditService.ts": {"lines":{"total":76,"covered":59,"skipped":0,"pct":77.63},"functions":{"total":4,"covered":3,"skipped":0,"pct":75},"statements":{"total":76,"covered":59,"skipped":0,"pct":77.63},"branches":{"total":18,"covered":13,"skipped":0,"pct":72.22}}
,"C:\\Users\\Admin\\bilal-project-oyeui-ag-local\\projectoyeui\\src\\services\\sharingService.ts": {"lines":{"total":126,"covered":24,"skipped":0,"pct":19.04},"functions":{"total":6,"covered":0,"skipped":0,"pct":0},"statements":{"total":126,"covered":24,"skipped":0,"pct":19.04},"branches":{"total":0,"covered":0,"skipped":0,"pct":100}}
,"C:\\Users\\Admin\\bilal-project-oyeui-ag-local\\projectoyeui\\src\\services\\slackService.ts": {"lines":{"total":395,"covered":327,"skipped":0,"pct":82.78},"functions":{"total":8,"covered":8,"skipped":0,"pct":100},"statements":{"total":395,"covered":327,"skipped":0,"pct":82.78},"branches":{"total":28,"covered":13,"skipped":0,"pct":46.42}}
,"C:\\Users\\Admin\\bilal-project-oyeui-ag-local\\projectoyeui\\src\\services\\stripeService.ts": {"lines":{"total":120,"covered":0,"skipped":0,"pct":0},"functions":{"total":1,"covered":0,"skipped":0,"pct":0},"statements":{"total":120,"covered":0,"skipped":0,"pct":0},"branches":{"total":1,"covered":0,"skipped":0,"pct":0}}
,"C:\\Users\\Admin\\bilal-project-oyeui-ag-local\\projectoyeui\\src\\services\\tenantService.ts": {"lines":{"total":329,"covered":285,"skipped":0,"pct":86.62},"functions":{"total":22,"covered":19,"skipped":0,"pct":86.36},"statements":{"total":329,"covered":285,"skipped":0,"pct":86.62},"branches":{"total":40,"covered":21,"skipped":0,"pct":52.5}}
,"C:\\Users\\Admin\\bilal-project-oyeui-ag-local\\projectoyeui\\src\\services\\timelineService.ts": {"lines":{"total":242,"covered":221,"skipped":0,"pct":91.32},"functions":{"total":18,"covered":18,"skipped":0,"pct":100},"statements":{"total":242,"covered":221,"skipped":0,"pct":91.32},"branches":{"total":49,"covered":23,"skipped":0,"pct":46.93}}
,"C:\\Users\\Admin\\bilal-project-oyeui-ag-local\\projectoyeui\\src\\services\\trackedAIService.ts": {"lines":{"total":173,"covered":92,"skipped":0,"pct":53.17},"functions":{"total":6,"covered":4,"skipped":0,"pct":66.66},"statements":{"total":173,"covered":92,"skipped":0,"pct":53.17},"branches":{"total":12,"covered":4,"skipped":0,"pct":33.33}}
,"C:\\Users\\Admin\\bilal-project-oyeui-ag-local\\projectoyeui\\src\\services\\userService.ts": {"lines":{"total":93,"covered":93,"skipped":0,"pct":100},"functions":{"total":9,"covered":9,"skipped":0,"pct":100},"statements":{"total":93,"covered":93,"skipped":0,"pct":100},"branches":{"total":17,"covered":9,"skipped":0,"pct":52.94}}
,"C:\\Users\\Admin\\bilal-project-oyeui-ag-local\\projectoyeui\\src\\services\\versionHistoryService.ts": {"lines":{"total":110,"covered":24,"skipped":0,"pct":21.81},"functions":{"total":6,"covered":0,"skipped":0,"pct":0},"statements":{"total":110,"covered":24,"skipped":0,"pct":21.81},"branches":{"total":0,"covered":0,"skipped":0,"pct":100}}
,"C:\\Users\\Admin\\bilal-project-oyeui-ag-local\\projectoyeui\\src\\services\\workspaceService.ts": {"lines":{"total":374,"covered":242,"skipped":0,"pct":64.7},"functions":{"total":19,"covered":16,"skipped":0,"pct":84.21},"statements":{"total":374,"covered":242,"skipped":0,"pct":64.7},"branches":{"total":33,"covered":16,"skipped":0,"pct":48.48}}
,"C:\\Users\\Admin\\bilal-project-oyeui-ag-local\\projectoyeui\\src\\utils\\aiRequestWrapper.ts": {"lines":{"total":160,"covered":0,"skipped":0,"pct":0},"functions":{"total":1,"covered":0,"skipped":0,"pct":0},"statements":{"total":160,"covered":0,"skipped":0,"pct":0},"branches":{"total":1,"covered":0,"skipped":0,"pct":0}}
,"C:\\Users\\Admin\\bilal-project-oyeui-ag-local\\projectoyeui\\src\\utils\\chartExporter.ts": {"lines":{"total":86,"covered":71,"skipped":0,"pct":82.55},"functions":{"total":5,"covered":4,"skipped":0,"pct":80},"statements":{"total":86,"covered":71,"skipped":0,"pct":82.55},"branches":{"total":12,"covered":10,"skipped":0,"pct":83.33}}
,"C:\\Users\\Admin\\bilal-project-oyeui-ag-local\\projectoyeui\\src\\utils\\imageOptimization.ts": {"lines":{"total":111,"covered":35,"skipped":0,"pct":31.53},"functions":{"total":6,"covered":2,"skipped":0,"pct":33.33},"statements":{"total":111,"covered":35,"skipped":0,"pct":31.53},"branches":{"total":7,"covered":6,"skipped":0,"pct":85.71}}
,"C:\\Users\\Admin\\bilal-project-oyeui-ag-local\\projectoyeui\\src\\utils\\offlineQueue.ts": {"lines":{"total":99,"covered":16,"skipped":0,"pct":16.16},"functions":{"total":7,"covered":0,"skipped":0,"pct":0},"statements":{"total":99,"covered":16,"skipped":0,"pct":16.16},"branches":{"total":0,"covered":0,"skipped":0,"pct":100}}
,"C:\\Users\\Admin\\bilal-project-oyeui-ag-local\\projectoyeui\\src\\utils\\optimisticUpdates.ts": {"lines":{"total":77,"covered":76,"skipped":0,"pct":98.7},"functions":{"total":7,"covered":7,"skipped":0,"pct":100},"statements":{"total":77,"covered":76,"skipped":0,"pct":98.7},"branches":{"total":20,"covered":19,"skipped":0,"pct":95}}
,"C:\\Users\\Admin\\bilal-project-oyeui-ag-local\\projectoyeui\\src\\utils\\predictivePreloader.ts": {"lines":{"total":64,"covered":62,"skipped":0,"pct":96.87},"functions":{"total":3,"covered":3,"skipped":0,"pct":100},"statements":{"total":64,"covered":62,"skipped":0,"pct":96.87},"branches":{"total":7,"covered":6,"skipped":0,"pct":85.71}}
,"C:\\Users\\Admin\\bilal-project-oyeui-ag-local\\projectoyeui\\src\\utils\\reconnectionManager.ts": {"lines":{"total":83,"covered":58,"skipped":0,"pct":69.87},"functions":{"total":7,"covered":7,"skipped":0,"pct":100},"statements":{"total":83,"covered":58,"skipped":0,"pct":69.87},"branches":{"total":11,"covered":8,"skipped":0,"pct":72.72}}
,"C:\\Users\\Admin\\bilal-project-oyeui-ag-local\\projectoyeui\\src\\utils\\routePreloader.ts": {"lines":{"total":114,"covered":96,"skipped":0,"pct":84.21},"functions":{"total":53,"covered":52,"skipped":0,"pct":98.11},"statements":{"total":114,"covered":96,"skipped":0,"pct":84.21},"branches":{"total":61,"covered":59,"skipped":0,"pct":96.72}}
,"C:\\Users\\Admin\\bilal-project-oyeui-ag-local\\projectoyeui\\src\\utils\\sitemap.ts": {"lines":{"total":57,"covered":57,"skipped":0,"pct":100},"functions":{"total":3,"covered":3,"skipped":0,"pct":100},"statements":{"total":57,"covered":57,"skipped":0,"pct":100},"branches":{"total":12,"covered":12,"skipped":0,"pct":100}}
,"C:\\Users\\Admin\\bilal-project-oyeui-ag-local\\projectoyeui\\src\\utils\\structuredData.tsx": {"lines":{"total":73,"covered":0,"skipped":0,"pct":0},"functions":{"total":1,"covered":0,"skipped":0,"pct":0},"statements":{"total":73,"covered":0,"skipped":0,"pct":0},"branches":{"total":1,"covered":0,"skipped":0,"pct":0}}
}
